DEBUG:urllib3.connectionpool:Starting new HTTP connection (1): api.geonames.org:80
DEBUG:urllib3.connectionpool:http://api.geonames.org:80 "GET /searchJSON?q=London&fuzzy=0.8&username=gbmllr HTTP/1.1" 200 None
DEBUG:urllib3.connectionpool:Starting new HTTP connection (1): api.geonames.org:80
DEBUG:urllib3.connectionpool:http://api.geonames.org:80 "GET /searchJSON?q=London&fuzzy=0.8&username=gbmllr HTTP/1.1" 200 None
DEBUG:urllib3.connectionpool:Starting new HTTP connection (1): api.geonames.org:80
DEBUG:urllib3.connectionpool:http://api.geonames.org:80 "GET /searchJSON?q=London&fuzzy=0.8&username=gbmllr HTTP/1.1" 200 None
DEBUG:urllib3.connectionpool:Starting new HTTP connection (1): api.geonames.org:80
DEBUG:urllib3.connectionpool:http://api.geonames.org:80 "GET /searchJSON?q=promi-nent&fuzzy=0.8&username=gbmllr HTTP/1.1" 200 None
DEBUG:urllib3.connectionpool:Starting new HTTP connection (1): api.geonames.org:80
DEBUG:urllib3.connectionpool:http://api.geonames.org:80 "GET /searchJSON?q=Mastriussee&fuzzy=0.8&username=gbmllr HTTP/1.1" 200 None
DEBUG:urllib3.connectionpool:Starting new HTTP connection (1): api.geonames.org:80
DEBUG:urllib3.connectionpool:http://api.geonames.org:80 "GET /searchJSON?q=D%E2%80%99Ettore%E2%80%9CDoes&fuzzy=0.8&username=gbmllr HTTP/1.1" 200 None
DEBUG:urllib3.connectionpool:Starting new HTTP connection (1): api.geonames.org:80
DEBUG:urllib3.connectionpool:http://api.geonames.org:80 "GET /searchJSON?q=Work&fuzzy=0.8&username=gbmllr HTTP/1.1" 200 None
DEBUG:urllib3.connectionpool:Starting new HTTP connection (1): api.geonames.org:80
DEBUG:urllib3.connectionpool:http://api.geonames.org:80 "GET /searchJSON?q=Demonstration%E2%80%9D&fuzzy=0.8&username=gbmllr HTTP/1.1" 200 None
DEBUG:urllib3.connectionpool:Starting new HTTP connection (1): api.geonames.org:80
DEBUG:urllib3.connectionpool:http://api.geonames.org:80 "GET /searchJSON?q=journal&fuzzy=0.8&username=gbmllr HTTP/1.1" 200 None
DEBUG:urllib3.connectionpool:Starting new HTTP connection (1): api.geonames.org:80
DEBUG:urllib3.connectionpool:http://api.geonames.org:80 "GET /searchJSON?q=way&fuzzy=0.8&username=gbmllr HTTP/1.1" 200 None
DEBUG:urllib3.connectionpool:Starting new HTTP connection (1): api.geonames.org:80
DEBUG:urllib3.connectionpool:http://api.geonames.org:80 "GET /searchJSON?q=influence&fuzzy=0.8&username=gbmllr HTTP/1.1" 200 None
DEBUG:urllib3.connectionpool:Starting new HTTP connection (1): api.geonames.org:80
DEBUG:urllib3.connectionpool:http://api.geonames.org:80 "GET /searchJSON?q=lack&fuzzy=0.8&username=gbmllr HTTP/1.1" 200 None
DEBUG:urllib3.connectionpool:Starting new HTTP connection (1): api.geonames.org:80
DEBUG:urllib3.connectionpool:http://api.geonames.org:80 "GET /searchJSON?q=concerning&fuzzy=0.8&username=gbmllr HTTP/1.1" 200 None
DEBUG:urllib3.connectionpool:Starting new HTTP connection (1): api.geonames.org:80
DEBUG:urllib3.connectionpool:http://api.geonames.org:80 "GET /searchJSON?q=signifiedThere&fuzzy=0.8&username=gbmllr HTTP/1.1" 200 None
DEBUG:urllib3.connectionpool:Starting new HTTP connection (1): api.geonames.org:80
DEBUG:urllib3.connectionpool:http://api.geonames.org:80 "GET /searchJSON?q=thorough&fuzzy=0.8&username=gbmllr HTTP/1.1" 200 None
DEBUG:urllib3.connectionpool:Starting new HTTP connection (1): api.geonames.org:80
DEBUG:urllib3.connectionpool:http://api.geonames.org:80 "GET /searchJSON?q=treatments&fuzzy=0.8&username=gbmllr HTTP/1.1" 200 None
DEBUG:urllib3.connectionpool:Starting new HTTP connection (1): api.geonames.org:80
DEBUG:urllib3.connectionpool:http://api.geonames.org:80 "GET /searchJSON?q=beingcovering&fuzzy=0.8&username=gbmllr HTTP/1.1" 200 None
DEBUG:urllib3.connectionpool:Starting new HTTP connection (1): api.geonames.org:80
DEBUG:urllib3.connectionpool:http://api.geonames.org:80 "GET /searchJSON?q=worksas&fuzzy=0.8&username=gbmllr HTTP/1.1" 200 None
DEBUG:urllib3.connectionpool:Starting new HTTP connection (1): api.geonames.org:80
DEBUG:urllib3.connectionpool:http://api.geonames.org:80 "GET /searchJSON?q=significant&fuzzy=0.8&username=gbmllr HTTP/1.1" 200 None
DEBUG:urllib3.connectionpool:Starting new HTTP connection (1): api.geonames.org:80
DEBUG:urllib3.connectionpool:http://api.geonames.org:80 "GET /searchJSON?q=beingI&fuzzy=0.8&username=gbmllr HTTP/1.1" 200 None
DEBUG:urllib3.connectionpool:Starting new HTTP connection (1): api.geonames.org:80
DEBUG:urllib3.connectionpool:http://api.geonames.org:80 "GET /searchJSON?q=unawarehoweverof&fuzzy=0.8&username=gbmllr HTTP/1.1" 200 None
DEBUG:urllib3.connectionpool:Starting new HTTP connection (1): api.geonames.org:80
DEBUG:urllib3.connectionpool:http://api.geonames.org:80 "GET /searchJSON?q=any&fuzzy=0.8&username=gbmllr HTTP/1.1" 200 None
DEBUG:urllib3.connectionpool:Starting new HTTP connection (1): api.geonames.org:80
DEBUG:urllib3.connectionpool:http://api.geonames.org:80 "GET /searchJSON?q=direct&fuzzy=0.8&username=gbmllr HTTP/1.1" 200 None
DEBUG:urllib3.connectionpool:Starting new HTTP connection (1): api.geonames.org:80
DEBUG:urllib3.connectionpool:http://api.geonames.org:80 "GET /searchJSON?q=sakeIt&fuzzy=0.8&username=gbmllr HTTP/1.1" 200 None
DEBUG:urllib3.connectionpool:Starting new HTTP connection (1): api.geonames.org:80
DEBUG:urllib3.connectionpool:http://api.geonames.org:80 "GET /searchJSON?q=intention&fuzzy=0.8&username=gbmllr HTTP/1.1" 200 None
DEBUG:urllib3.connectionpool:Starting new HTTP connection (1): api.geonames.org:80
DEBUG:urllib3.connectionpool:http://api.geonames.org:80 "GET /searchJSON?q=Doctor&fuzzy=0.8&username=gbmllr HTTP/1.1" 200 None
DEBUG:urllib3.connectionpool:Starting new HTTP connection (1): api.geonames.org:80
DEBUG:urllib3.connectionpool:http://api.geonames.org:80 "GET /searchJSON?q=analogiaScotus&fuzzy=0.8&username=gbmllr HTTP/1.1" 200 None
DEBUG:urllib3.connectionpool:Starting new HTTP connection (1): api.geonames.org:80
DEBUG:urllib3.connectionpool:http://api.geonames.org:80 "GET /searchJSON?q=(proportional&fuzzy=0.8&username=gbmllr HTTP/1.1" 200 None
DEBUG:urllib3.connectionpool:Starting new HTTP connection (1): api.geonames.org:80
DEBUG:urllib3.connectionpool:http://api.geonames.org:80 "GET /searchJSON?q=unity)&fuzzy=0.8&username=gbmllr HTTP/1.1" 200 None
DEBUG:urllib3.connectionpool:Starting new HTTP connection (1): api.geonames.org:80
DEBUG:urllib3.connectionpool:http://api.geonames.org:80 "GET /searchJSON?q=equivocationI&fuzzy=0.8&username=gbmllr HTTP/1.1" 200 None
DEBUG:urllib3.connectionpool:Starting new HTTP connection (1): api.geonames.org:80
DEBUG:urllib3.connectionpool:http://api.geonames.org:80 "GET /searchJSON?q=since&fuzzy=0.8&username=gbmllr HTTP/1.1" 200 None
DEBUG:urllib3.connectionpool:Starting new HTTP connection (1): api.geonames.org:80
DEBUG:urllib3.connectionpool:http://api.geonames.org:80 "GET /searchJSON?q=helps&fuzzy=0.8&username=gbmllr HTTP/1.1" 200 None
DEBUG:urllib3.connectionpool:Starting new HTTP connection (1): api.geonames.org:80
DEBUG:urllib3.connectionpool:http://api.geonames.org:80 "GET /searchJSON?q=show&fuzzy=0.8&username=gbmllr HTTP/1.1" 200 None
DEBUG:urllib3.connectionpool:Starting new HTTP connection (1): api.geonames.org:80
DEBUG:urllib3.connectionpool:http://api.geonames.org:80 "GET /searchJSON?q=foundations&fuzzy=0.8&username=gbmllr HTTP/1.1" 200 None
DEBUG:urllib3.connectionpool:Starting new HTTP connection (1): api.geonames.org:80
DEBUG:urllib3.connectionpool:http://api.geonames.org:80 "GET /searchJSON?q=thingsWhile&fuzzy=0.8&username=gbmllr HTTP/1.1" 200 None
DEBUG:urllib3.connectionpool:Starting new HTTP connection (1): api.geonames.org:80
DEBUG:urllib3.connectionpool:http://api.geonames.org:80 "GET /searchJSON?q=polemical&fuzzy=0.8&username=gbmllr HTTP/1.1" 200 None
DEBUG:urllib3.connectionpool:Starting new HTTP connection (1): api.geonames.org:80
DEBUG:urllib3.connectionpool:http://api.geonames.org:80 "GET /searchJSON?q=context&fuzzy=0.8&username=gbmllr HTTP/1.1" 200 None
DEBUG:urllib3.connectionpool:Starting new HTTP connection (1): api.geonames.org:80
DEBUG:urllib3.connectionpool:http://api.geonames.org:80 "GET /searchJSON?q=beingthe&fuzzy=0.8&username=gbmllr HTTP/1.1" 200 None
DEBUG:urllib3.connectionpool:Starting new HTTP connection (1): api.geonames.org:80
DEBUG:urllib3.connectionpool:http://api.geonames.org:80 "GET /searchJSON?q=explore&fuzzy=0.8&username=gbmllr HTTP/1.1" 200 None
DEBUG:urllib3.connectionpool:Starting new HTTP connection (1): api.geonames.org:80
DEBUG:urllib3.connectionpool:http://api.geonames.org:80 "GET /searchJSON?q=expresses&fuzzy=0.8&username=gbmllr HTTP/1.1" 200 None
DEBUG:urllib3.connectionpool:Starting new HTTP connection (1): api.geonames.org:80
DEBUG:urllib3.connectionpool:http://api.geonames.org:80 "GET /searchJSON?q=argumentsAccordinglythe&fuzzy=0.8&username=gbmllr HTTP/1.1" 200 None
DEBUG:urllib3.connectionpool:Starting new HTTP connection (1): api.geonames.org:80
DEBUG:urllib3.connectionpool:http://api.geonames.org:80 "GET /searchJSON?q=focus&fuzzy=0.8&username=gbmllr HTTP/1.1" 200 None
DEBUG:urllib3.connectionpool:Starting new HTTP connection (1): api.geonames.org:80
DEBUG:urllib3.connectionpool:http://api.geonames.org:80 "GET /searchJSON?q=speaks&fuzzy=0.8&username=gbmllr HTTP/1.1" 200 None
DEBUG:urllib3.connectionpool:Starting new HTTP connection (1): api.geonames.org:80
DEBUG:urllib3.connectionpool:http://api.geonames.org:80 "GET /searchJSON?q=commentaries&fuzzy=0.8&username=gbmllr HTTP/1.1" 200 None
DEBUG:urllib3.connectionpool:Starting new HTTP connection (1): api.geonames.org:80
DEBUG:urllib3.connectionpool:http://api.geonames.org:80 "GET /searchJSON?q=AristotleThe&fuzzy=0.8&username=gbmllr HTTP/1.1" 200 None
DEBUG:urllib3.connectionpool:Starting new HTTP connection (1): api.geonames.org:80
DEBUG:urllib3.connectionpool:http://api.geonames.org:80 "GET /searchJSON?q=portion&fuzzy=0.8&username=gbmllr HTTP/1.1" 200 None
DEBUG:urllib3.connectionpool:Starting new HTTP connection (1): api.geonames.org:80
DEBUG:urllib3.connectionpool:http://api.geonames.org:80 "GET /searchJSON?q=philosophical&fuzzy=0.8&username=gbmllr HTTP/1.1" 200 None
DEBUG:urllib3.connectionpool:Starting new HTTP connection (1): api.geonames.org:80
DEBUG:urllib3.connectionpool:http://api.geonames.org:80 "GET /searchJSON?q=order&fuzzy=0.8&username=gbmllr HTTP/1.1" 200 None
DEBUG:urllib3.connectionpool:Starting new HTTP connection (1): api.geonames.org:80
DEBUG:urllib3.connectionpool:http://api.geonames.org:80 "GET /searchJSON?q=continuity&fuzzy=0.8&username=gbmllr HTTP/1.1" 200 None
DEBUG:urllib3.connectionpool:Starting new HTTP connection (1): api.geonames.org:80
DEBUG:urllib3.connectionpool:http://api.geonames.org:80 "GET /searchJSON?q=development&fuzzy=0.8&username=gbmllr HTTP/1.1" 200 None
DEBUG:urllib3.connectionpool:Starting new HTTP connection (1): api.geonames.org:80
DEBUG:urllib3.connectionpool:http://api.geonames.org:80 "GET /searchJSON?q=unityI&fuzzy=0.8&username=gbmllr HTTP/1.1" 200 None
DEBUG:urllib3.connectionpool:Starting new HTTP connection (1): api.geonames.org:80
DEBUG:urllib3.connectionpool:http://api.geonames.org:80 "GET /searchJSON?q=conclude&fuzzy=0.8&username=gbmllr HTTP/1.1" 200 None
DEBUG:urllib3.connectionpool:Starting new HTTP connection (1): api.geonames.org:80
DEBUG:urllib3.connectionpool:http://api.geonames.org:80 "GET /searchJSON?q=rejects&fuzzy=0.8&username=gbmllr HTTP/1.1" 200 None
DEBUG:urllib3.connectionpool:Starting new HTTP connection (1): api.geonames.org:80
DEBUG:urllib3.connectionpool:http://api.geonames.org:80 "GET /searchJSON?q=analogousI&fuzzy=0.8&username=gbmllr HTTP/1.1" 200 None
DEBUG:urllib3.connectionpool:Starting new HTTP connection (1): api.geonames.org:80
DEBUG:urllib3.connectionpool:http://api.geonames.org:80 "GET /searchJSON?q=argue&fuzzy=0.8&username=gbmllr HTTP/1.1" 200 None
DEBUG:urllib3.connectionpool:Starting new HTTP connection (1): api.geonames.org:80
DEBUG:urllib3.connectionpool:http://api.geonames.org:80 "GET /searchJSON?q=Baroque&fuzzy=0.8&username=gbmllr HTTP/1.1" 200 None
DEBUG:urllib3.connectionpool:Starting new HTTP connection (1): api.geonames.org:80
DEBUG:urllib3.connectionpool:http://api.geonames.org:80 "GET /searchJSON?q=period&fuzzy=0.8&username=gbmllr HTTP/1.1" 200 None
DEBUG:urllib3.connectionpool:Starting new HTTP connection (1): api.geonames.org:80
DEBUG:urllib3.connectionpool:http://api.geonames.org:80 "GET /searchJSON?q=analogouslysome&fuzzy=0.8&username=gbmllr HTTP/1.1" 200 None
DEBUG:urllib3.connectionpool:Starting new HTTP connection (1): api.geonames.org:80
DEBUG:urllib3.connectionpool:http://api.geonames.org:80 "GET /searchJSON?q=historical&fuzzy=0.8&username=gbmllr HTTP/1.1" 200 None
DEBUG:urllib3.connectionpool:Starting new HTTP connection (1): api.geonames.org:80
DEBUG:urllib3.connectionpool:http://api.geonames.org:80 "GET /searchJSON?q=backgroundMalcolm&fuzzy=0.8&username=gbmllr HTTP/1.1" 200 None
DEBUG:urllib3.connectionpool:Starting new HTTP connection (1): api.geonames.org:80
DEBUG:urllib3.connectionpool:http://api.geonames.org:80 "GET /searchJSON?q=Wilson&fuzzy=0.8&username=gbmllr HTTP/1.1" 200 None
DEBUG:urllib3.connectionpool:Starting new HTTP connection (1): api.geonames.org:80
DEBUG:urllib3.connectionpool:http://api.geonames.org:80 "GET /searchJSON?q=observes%E2%80%9CAristotle&fuzzy=0.8&username=gbmllr HTTP/1.1" 200 None
DEBUG:urllib3.connectionpool:Starting new HTTP connection (1): api.geonames.org:80
DEBUG:urllib3.connectionpool:http://api.geonames.org:80 "GET /searchJSON?q=nowhere&fuzzy=0.8&username=gbmllr HTTP/1.1" 200 None
DEBUG:urllib3.connectionpool:Starting new HTTP connection (1): api.geonames.org:80
DEBUG:urllib3.connectionpool:http://api.geonames.org:80 "GET /searchJSON?q=clear&fuzzy=0.8&username=gbmllr HTTP/1.1" 200 None
DEBUG:urllib3.connectionpool:Starting new HTTP connection (1): api.geonames.org:80
DEBUG:urllib3.connectionpool:http://api.geonames.org:80 "GET /searchJSON?q=extended&fuzzy=0.8&username=gbmllr HTTP/1.1" 200 None
DEBUG:urllib3.connectionpool:Starting new HTTP connection (1): api.geonames.org:80
DEBUG:urllib3.connectionpool:http://api.geonames.org:80 "GET /searchJSON?q=analogyand&fuzzy=0.8&username=gbmllr HTTP/1.1" 200 None
DEBUG:urllib3.connectionpool:Starting new HTTP connection (1): api.geonames.org:80
DEBUG:urllib3.connectionpool:http://api.geonames.org:80 "GET /searchJSON?q=piece&fuzzy=0.8&username=gbmllr HTTP/1.1" 200 None
DEBUG:urllib3.connectionpool:Starting new HTTP connection (1): api.geonames.org:80
DEBUG:urllib3.connectionpool:http://api.geonames.org:80 "GET /searchJSON?q=theoretical&fuzzy=0.8&username=gbmllr HTTP/1.1" 200 None
DEBUG:urllib3.connectionpool:Starting new HTTP connection (1): api.geonames.org:80
DEBUG:urllib3.connectionpool:http://api.geonames.org:80 "GET /searchJSON?q=together&fuzzy=0.8&username=gbmllr HTTP/1.1" 200 None
DEBUG:urllib3.connectionpool:Starting new HTTP connection (1): api.geonames.org:80
DEBUG:urllib3.connectionpool:http://api.geonames.org:80 "GET /searchJSON?q=espPini%E2%80%9CUnivocity&fuzzy=0.8&username=gbmllr HTTP/1.1" 200 None
DEBUG:urllib3.connectionpool:Starting new HTTP connection (1): api.geonames.org:80
DEBUG:urllib3.connectionpool:http://api.geonames.org:80 "GET /searchJSON?q=Quaestiones&fuzzy=0.8&username=gbmllr HTTP/1.1" 200 None
DEBUG:urllib3.connectionpool:Starting new HTTP connection (1): api.geonames.org:80
DEBUG:urllib3.connectionpool:http://api.geonames.org:80 "GET /searchJSON?q=super&fuzzy=0.8&username=gbmllr HTTP/1.1" 200 None
DEBUG:urllib3.connectionpool:Starting new HTTP connection (1): api.geonames.org:80
DEBUG:urllib3.connectionpool:http://api.geonames.org:80 "GET /searchJSON?q=Metaphysicam%E2%80%9D&fuzzy=0.8&username=gbmllr HTTP/1.1" 200 None
DEBUG:urllib3.connectionpool:Starting new HTTP connection (1): api.geonames.org:80
DEBUG:urllib3.connectionpool:http://api.geonames.org:80 "GET /searchJSON?q=The&fuzzy=0.8&username=gbmllr HTTP/1.1" 200 None
DEBUG:urllib3.connectionpool:Starting new HTTP connection (1): api.geonames.org:80
DEBUG:urllib3.connectionpool:http://api.geonames.org:80 "GET /searchJSON?q=author%E2%80%99s&fuzzy=0.8&username=gbmllr HTTP/1.1" 200 None
DEBUG:urllib3.connectionpool:Starting new HTTP connection (1): api.geonames.org:80
DEBUG:urllib3.connectionpool:http://api.geonames.org:80 "GET /searchJSON?q=revised&fuzzy=0.8&username=gbmllr HTTP/1.1" 200 None
DEBUG:urllib3.connectionpool:Starting new HTTP connection (1): api.geonames.org:80
DEBUG:urllib3.connectionpool:http://api.geonames.org:80 "GET /searchJSON?q=ver&fuzzy=0.8&username=gbmllr HTTP/1.1" 200 None
DEBUG:urllib3.connectionpool:Starting new HTTP connection (1): api.geonames.org:80
DEBUG:urllib3.connectionpool:http://api.geonames.org:80 "GET /searchJSON?q=-sion&fuzzy=0.8&username=gbmllr HTTP/1.1" 200 None
DEBUG:urllib3.connectionpool:Starting new HTTP connection (1): api.geonames.org:80
DEBUG:urllib3.connectionpool:http://api.geonames.org:80 "GET /searchJSON?q=available&fuzzy=0.8&username=gbmllr HTTP/1.1" 200 None
DEBUG:urllib3.connectionpool:Starting new HTTP connection (1): api.geonames.org:80
DEBUG:urllib3.connectionpool:http://api.geonames.org:80 "GET /searchJSON?q=academiaedu&fuzzy=0.8&username=gbmllr HTTP/1.1" 200 None
DEBUG:urllib3.connectionpool:Starting new HTTP connection (1): api.geonames.org:80
DEBUG:urllib3.connectionpool:http://api.geonames.org:80 "GET /searchJSON?q=pageSee&fuzzy=0.8&username=gbmllr HTTP/1.1" 200 None
DEBUG:urllib3.connectionpool:Starting new HTTP connection (1): api.geonames.org:80
DEBUG:urllib3.connectionpool:http://api.geonames.org:80 "GET /searchJSON?q=lucid&fuzzy=0.8&username=gbmllr HTTP/1.1" 200 None
DEBUG:urllib3.connectionpool:Starting new HTTP connection (1): api.geonames.org:80
DEBUG:urllib3.connectionpool:http://api.geonames.org:80 "GET /searchJSON?q=overall&fuzzy=0.8&username=gbmllr HTTP/1.1" 200 None
DEBUG:urllib3.connectionpool:Starting new HTTP connection (1): api.geonames.org:80
DEBUG:urllib3.connectionpool:http://api.geonames.org:80 "GET /searchJSON?q=transcendentals&fuzzy=0.8&username=gbmllr HTTP/1.1" 200 None
DEBUG:urllib3.connectionpool:Starting new HTTP connection (1): api.geonames.org:80
DEBUG:urllib3.connectionpool:http://api.geonames.org:80 "GET /searchJSON?q=WolterTranscendentals&fuzzy=0.8&username=gbmllr HTTP/1.1" 200 None
DEBUG:urllib3.connectionpool:Starting new HTTP connection (1): api.geonames.org:80
DEBUG:urllib3.connectionpool:http://api.geonames.org:80 "GET /searchJSON?q=Their&fuzzy=0.8&username=gbmllr HTTP/1.1" 200 None
DEBUG:urllib3.connectionpool:Starting new HTTP connection (1): api.geonames.org:80
DEBUG:urllib3.connectionpool:http://api.geonames.org:80 "GET /searchJSON?q=FunctionFor&fuzzy=0.8&username=gbmllr HTTP/1.1" 200 None
DEBUG:urllib3.connectionpool:Starting new HTTP connection (1): api.geonames.org:80
DEBUG:urllib3.connectionpool:http://api.geonames.org:80 "GET /searchJSON?q=Smith%E2%80%9CAnalogy&fuzzy=0.8&username=gbmllr HTTP/1.1" 200 None
DEBUG:urllib3.connectionpool:Starting new HTTP connection (1): api.geonames.org:80
DEBUG:urllib3.connectionpool:http://api.geonames.org:80 "GET /searchJSON?q=Sco-tist&fuzzy=0.8&username=gbmllr HTTP/1.1" 200 None
DEBUG:urllib3.connectionpool:Starting new HTTP connection (1): api.geonames.org:80
DEBUG:urllib3.connectionpool:http://api.geonames.org:80 "GET /searchJSON?q=Tradition%E2%80%9D&fuzzy=0.8&username=gbmllr HTTP/1.1" 200 None
DEBUG:urllib3.connectionpool:Starting new HTTP connection (1): api.geonames.org:80
DEBUG:urllib3.connectionpool:http://api.geonames.org:80 "GET /searchJSON?q=%E2%80%93The&fuzzy=0.8&username=gbmllr HTTP/1.1" 200 None
DEBUG:urllib3.connectionpool:Starting new HTTP connection (1): api.geonames.org:80
DEBUG:urllib3.connectionpool:http://api.geonames.org:80 "GET /searchJSON?q=Smith%E2%80%99s&fuzzy=0.8&username=gbmllr HTTP/1.1" 200 None
DEBUG:urllib3.connectionpool:Starting new HTTP connection (1): api.geonames.org:80
DEBUG:urllib3.connectionpool:http://api.geonames.org:80 "GET /searchJSON?q=article&fuzzy=0.8&username=gbmllr HTTP/1.1" 200 None
DEBUG:urllib3.connectionpool:Starting new HTTP connection (1): api.geonames.org:80
DEBUG:urllib3.connectionpool:http://api.geonames.org:80 "GET /searchJSON?q=includes&fuzzy=0.8&username=gbmllr HTTP/1.1" 200 None
DEBUG:urllib3.connectionpool:Starting new HTTP connection (1): api.geonames.org:80
DEBUG:urllib3.connectionpool:http://api.geonames.org:80 "GET /searchJSON?q=(and&fuzzy=0.8&username=gbmllr HTTP/1.1" 200 None
DEBUG:urllib3.connectionpool:Starting new HTTP connection (1): api.geonames.org:80
DEBUG:urllib3.connectionpool:http://api.geonames.org:80 "GET /searchJSON?q=perfections)&fuzzy=0.8&username=gbmllr HTTP/1.1" 200 None
DEBUG:urllib3.connectionpool:Starting new HTTP connection (1): api.geonames.org:80
DEBUG:urllib3.connectionpool:http://api.geonames.org:80 "GET /searchJSON?q=univocityas&fuzzy=0.8&username=gbmllr HTTP/1.1" 200 None
DEBUG:urllib3.connectionpool:Starting new HTTP connection (1): api.geonames.org:80
DEBUG:urllib3.connectionpool:http://api.geonames.org:80 "GET /searchJSON?q=reflected&fuzzy=0.8&username=gbmllr HTTP/1.1" 200 None
DEBUG:urllib3.connectionpool:Starting new HTTP connection (1): api.geonames.org:80
DEBUG:urllib3.connectionpool:http://api.geonames.org:80 "GET /searchJSON?q=Reportatioboth&fuzzy=0.8&username=gbmllr HTTP/1.1" 200 None
DEBUG:urllib3.connectionpool:Starting new HTTP connection (1): api.geonames.org:80
DEBUG:urllib3.connectionpool:http://api.geonames.org:80 "GET /searchJSON?q=late&fuzzy=0.8&username=gbmllr HTTP/1.1" 200 None
DEBUG:urllib3.connectionpool:Starting new HTTP connection (1): api.geonames.org:80
DEBUG:urllib3.connectionpool:http://api.geonames.org:80 "GET /searchJSON?q=theology&fuzzy=0.8&username=gbmllr HTTP/1.1" 200 None
DEBUG:urllib3.connectionpool:Starting new HTTP connection (1): api.geonames.org:80
DEBUG:urllib3.connectionpool:http://api.geonames.org:80 "GET /searchJSON?q=corpusSpeaking&fuzzy=0.8&username=gbmllr HTTP/1.1" 200 None
DEBUG:urllib3.connectionpool:Starting new HTTP connection (1): api.geonames.org:80
DEBUG:urllib3.connectionpool:http://api.geonames.org:80 "GET /searchJSON?q=ReportatioSmith&fuzzy=0.8&username=gbmllr HTTP/1.1" 200 None
DEBUG:urllib3.connectionpool:Starting new HTTP connection (1): api.geonames.org:80
DEBUG:urllib3.connectionpool:http://api.geonames.org:80 "GET /searchJSON?q=cautions&fuzzy=0.8&username=gbmllr HTTP/1.1" 200 None
DEBUG:urllib3.connectionpool:Starting new HTTP connection (1): api.geonames.org:80
DEBUG:urllib3.connectionpool:http://api.geonames.org:80 "GET /searchJSON?q=%E2%80%9Cthe&fuzzy=0.8&username=gbmllr HTTP/1.1" 200 None
DEBUG:urllib3.connectionpool:Starting new HTTP connection (1): api.geonames.org:80
DEBUG:urllib3.connectionpool:http://api.geonames.org:80 "GET /searchJSON?q=usefulness&fuzzy=0.8&username=gbmllr HTTP/1.1" 200 None
DEBUG:urllib3.connectionpool:Starting new HTTP connection (1): api.geonames.org:80
DEBUG:urllib3.connectionpool:http://api.geonames.org:80 "GET /searchJSON?q=text&fuzzy=0.8&username=gbmllr HTTP/1.1" 200 None
DEBUG:urllib3.connectionpool:Starting new HTTP connection (1): api.geonames.org:80
DEBUG:urllib3.connectionpool:http://api.geonames.org:80 "GET /searchJSON?q=limited%E2%80%9D&fuzzy=0.8&username=gbmllr HTTP/1.1" 200 None
DEBUG:urllib3.connectionpool:Starting new HTTP connection (1): api.geonames.org:80
DEBUG:urllib3.connectionpool:http://api.geonames.org:80 "GET /searchJSON?q=thatalthough&fuzzy=0.8&username=gbmllr HTTP/1.1" 200 None
DEBUG:urllib3.connectionpool:Starting new HTTP connection (1): api.geonames.org:80
DEBUG:urllib3.connectionpool:http://api.geonames.org:80 "GET /searchJSON?q=%E2%80%9Cin&fuzzy=0.8&username=gbmllr HTTP/1.1" 200 None
DEBUG:urllib3.connectionpool:Starting new HTTP connection (1): api.geonames.org:80
DEBUG:urllib3.connectionpool:http://api.geonames.org:80 "GET /searchJSON?q=clearly&fuzzy=0.8&username=gbmllr HTTP/1.1" 200 None
DEBUG:urllib3.connectionpool:Starting new HTTP connection (1): api.geonames.org:80
DEBUG:urllib3.connectionpool:http://api.geonames.org:80 "GET /searchJSON?q=endorse&fuzzy=0.8&username=gbmllr HTTP/1.1" 200 None
DEBUG:urllib3.connectionpool:Starting new HTTP connection (1): api.geonames.org:80
DEBUG:urllib3.connectionpool:http://api.geonames.org:80 "GET /searchJSON?q=%E2%80%9Cdoes&fuzzy=0.8&username=gbmllr HTTP/1.1" 200 None
DEBUG:urllib3.connectionpool:Starting new HTTP connection (1): api.geonames.org:80
DEBUG:urllib3.connectionpool:http://api.geonames.org:80 "GET /searchJSON?q=explain&fuzzy=0.8&username=gbmllr HTTP/1.1" 200 None
DEBUG:urllib3.connectionpool:Starting new HTTP connection (1): api.geonames.org:80
DEBUG:urllib3.connectionpool:http://api.geonames.org:80 "GET /searchJSON?q=compatible&fuzzy=0.8&username=gbmllr HTTP/1.1" 200 None
DEBUG:urllib3.connectionpool:Starting new HTTP connection (1): api.geonames.org:80
DEBUG:urllib3.connectionpool:http://api.geonames.org:80 "GET /searchJSON?q=views&fuzzy=0.8&username=gbmllr HTTP/1.1" 200 None
DEBUG:urllib3.connectionpool:Starting new HTTP connection (1): api.geonames.org:80
DEBUG:urllib3.connectionpool:http://api.geonames.org:80 "GET /searchJSON?q=univocity%E2%80%9D&fuzzy=0.8&username=gbmllr HTTP/1.1" 200 None
DEBUG:urllib3.connectionpool:Starting new HTTP connection (1): api.geonames.org:80
DEBUG:urllib3.connectionpool:http://api.geonames.org:80 "GET /searchJSON?q=(%E2%80%93)The&fuzzy=0.8&username=gbmllr HTTP/1.1" 200 None
DEBUG:urllib3.connectionpool:Starting new HTTP connection (1): api.geonames.org:80
DEBUG:urllib3.connectionpool:http://api.geonames.org:80 "GET /searchJSON?q=question&fuzzy=0.8&username=gbmllr HTTP/1.1" 200 None
DEBUG:urllib3.connectionpool:Starting new HTTP connection (1): api.geonames.org:80
DEBUG:urllib3.connectionpool:http://api.geonames.org:80 "GET /searchJSON?q=Repor-tatio&fuzzy=0.8&username=gbmllr HTTP/1.1" 200 None
DEBUG:urllib3.connectionpool:Starting new HTTP connection (1): api.geonames.org:80
DEBUG:urllib3.connectionpool:http://api.geonames.org:80 "GET /searchJSON?q=IIdqI&fuzzy=0.8&username=gbmllr HTTP/1.1" 200 None
DEBUG:urllib3.connectionpool:Starting new HTTP connection (1): api.geonames.org:80
DEBUG:urllib3.connectionpool:http://api.geonames.org:80 "GET /searchJSON?q=caution&fuzzy=0.8&username=gbmllr HTTP/1.1" 200 None
DEBUG:urllib3.connectionpool:Starting new HTTP connection (1): api.geonames.org:80
DEBUG:urllib3.connectionpool:http://api.geonames.org:80 "GET /searchJSON?q=leave&fuzzy=0.8&username=gbmllr HTTP/1.1" 200 None
DEBUG:urllib3.connectionpool:Starting new HTTP connection (1): api.geonames.org:80
DEBUG:urllib3.connectionpool:http://api.geonames.org:80 "GET /searchJSON?q=consideration&fuzzy=0.8&username=gbmllr HTTP/1.1" 200 None
DEBUG:urllib3.connectionpool:Starting new HTTP connection (1): api.geonames.org:80
DEBUG:urllib3.connectionpool:http://api.geonames.org:80 "GET /searchJSON?q=articleanalogous&fuzzy=0.8&username=gbmllr HTTP/1.1" 200 None
DEBUG:urllib3.connectionpool:Starting new HTTP connection (1): api.geonames.org:80
DEBUG:urllib3.connectionpool:http://api.geonames.org:80 "GET /searchJSON?q=scotuswith&fuzzy=0.8&username=gbmllr HTTP/1.1" 200 None
DEBUG:urllib3.connectionpool:Starting new HTTP connection (1): api.geonames.org:80
DEBUG:urllib3.connectionpool:http://api.geonames.org:80 "GET /searchJSON?q=actual&fuzzy=0.8&username=gbmllr HTTP/1.1" 200 None
DEBUG:urllib3.connectionpool:Starting new HTTP connection (1): api.geonames.org:80
DEBUG:urllib3.connectionpool:http://api.geonames.org:80 "GET /searchJSON?q=produce&fuzzy=0.8&username=gbmllr HTTP/1.1" 200 None
DEBUG:urllib3.connectionpool:Starting new HTTP connection (1): api.geonames.org:80
DEBUG:urllib3.connectionpool:http://api.geonames.org:80 "GET /searchJSON?q=coherent&fuzzy=0.8&username=gbmllr HTTP/1.1" 200 None
DEBUG:urllib3.connectionpool:Starting new HTTP connection (1): api.geonames.org:80
DEBUG:urllib3.connectionpool:http://api.geonames.org:80 "GET /searchJSON?q=account%E2%80%9DA&fuzzy=0.8&username=gbmllr HTTP/1.1" 200 None
DEBUG:urllib3.connectionpool:Starting new HTTP connection (1): api.geonames.org:80
DEBUG:urllib3.connectionpool:http://api.geonames.org:80 "GET /searchJSON?q=locus&fuzzy=0.8&username=gbmllr HTTP/1.1" 200 None
DEBUG:urllib3.connectionpool:Starting new HTTP connection (1): api.geonames.org:80
DEBUG:urllib3.connectionpool:http://api.geonames.org:80 "GET /searchJSON?q=classicus&fuzzy=0.8&username=gbmllr HTTP/1.1" 200 None
DEBUG:urllib3.connectionpool:Starting new HTTP connection (1): api.geonames.org:80
DEBUG:urllib3.connectionpool:http://api.geonames.org:80 "GET /searchJSON?q=found&fuzzy=0.8&username=gbmllr HTTP/1.1" 200 None
DEBUG:urllib3.connectionpool:Starting new HTTP connection (1): api.geonames.org:80
DEBUG:urllib3.connectionpool:http://api.geonames.org:80 "GET /searchJSON?q=MetVb&fuzzy=0.8&username=gbmllr HTTP/1.1" 200 None
DEBUG:urllib3.connectionpool:Starting new HTTP connection (1): api.geonames.org:80
DEBUG:urllib3.connectionpool:http://api.geonames.org:80 "GET /searchJSON?q=%E2%80%93a&fuzzy=0.8&username=gbmllr HTTP/1.1" 200 None
DEBUG:urllib3.connectionpool:Starting new HTTP connection (1): api.geonames.org:80
DEBUG:urllib3.connectionpool:http://api.geonames.org:80 "GET /searchJSON?q=Againsome&fuzzy=0.8&username=gbmllr HTTP/1.1" 200 None
DEBUG:urllib3.connectionpool:Starting new HTTP connection (1): api.geonames.org:80
DEBUG:urllib3.connectionpool:http://api.geonames.org:80 "GET /searchJSON?q=numberothers&fuzzy=0.8&username=gbmllr HTTP/1.1" 200 None
DEBUG:urllib3.connectionpool:Starting new HTTP connection (1): api.geonames.org:80
DEBUG:urllib3.connectionpool:http://api.geonames.org:80 "GET /searchJSON?q=speciesothers&fuzzy=0.8&username=gbmllr HTTP/1.1" 200 None
DEBUG:urllib3.connectionpool:Starting new HTTP connection (1): api.geonames.org:80
DEBUG:urllib3.connectionpool:http://api.geonames.org:80 "GET /searchJSON?q=genusothers&fuzzy=0.8&username=gbmllr HTTP/1.1" 200 None
DEBUG:urllib3.connectionpool:Starting new HTTP connection (1): api.geonames.org:80
DEBUG:urllib3.connectionpool:http://api.geonames.org:80 "GET /searchJSON?q=analogyin&fuzzy=0.8&username=gbmllr HTTP/1.1" 200 None
DEBUG:urllib3.connectionpool:Starting new HTTP connection (1): api.geonames.org:80
DEBUG:urllib3.connectionpool:http://api.geonames.org:80 "GET /searchJSON?q=those&fuzzy=0.8&username=gbmllr HTTP/1.1" 200 None
DEBUG:urllib3.connectionpool:Starting new HTTP connection (1): api.geonames.org:80
DEBUG:urllib3.connectionpool:http://api.geonames.org:80 "GET /searchJSON?q=whose&fuzzy=0.8&username=gbmllr HTTP/1.1" 200 None
DEBUG:urllib3.connectionpool:Starting new HTTP connection (1): api.geonames.org:80
DEBUG:urllib3.connectionpool:http://api.geonames.org:80 "GET /searchJSON?q=onein&fuzzy=0.8&username=gbmllr HTTP/1.1" 200 None
DEBUG:urllib3.connectionpool:Starting new HTTP connection (1): api.geonames.org:80
DEBUG:urllib3.connectionpool:http://api.geonames.org:80 "GET /searchJSON?q=species&fuzzy=0.8&username=gbmllr HTTP/1.1" 200 None
DEBUG:urllib3.connectionpool:Starting new HTTP connection (1): api.geonames.org:80
DEBUG:urllib3.connectionpool:http://api.geonames.org:80 "GET /searchJSON?q=predication&fuzzy=0.8&username=gbmllr HTTP/1.1" 200 None
DEBUG:urllib3.connectionpool:Starting new HTTP connection (1): api.geonames.org:80
DEBUG:urllib3.connectionpool:http://api.geonames.org:80 "GET /searchJSON?q=appliesby&fuzzy=0.8&username=gbmllr HTTP/1.1" 200 None
DEBUG:urllib3.connectionpool:Starting new HTTP connection (1): api.geonames.org:80
DEBUG:urllib3.connectionpool:http://api.geonames.org:80 "GET /searchJSON?q=third&fuzzy=0.8&username=gbmllr HTTP/1.1" 200 None
DEBUG:urllib3.connectionpool:Starting new HTTP connection (1): api.geonames.org:80
DEBUG:urllib3.connectionpool:http://api.geonames.org:80 "GET /searchJSON?q=fourthThe&fuzzy=0.8&username=gbmllr HTTP/1.1" 200 None
DEBUG:urllib3.connectionpool:Starting new HTTP connection (1): api.geonames.org:80
DEBUG:urllib3.connectionpool:http://api.geonames.org:80 "GET /searchJSON?q=always&fuzzy=0.8&username=gbmllr HTTP/1.1" 200 None
DEBUG:urllib3.connectionpool:Starting new HTTP connection (1): api.geonames.org:80
DEBUG:urllib3.connectionpool:http://api.geonames.org:80 "GET /searchJSON?q=areegthings&fuzzy=0.8&username=gbmllr HTTP/1.1" 200 None
DEBUG:urllib3.connectionpool:Starting new HTTP connection (1): api.geonames.org:80
DEBUG:urllib3.connectionpool:http://api.geonames.org:80 "GET /searchJSON?q=specieswhile&fuzzy=0.8&username=gbmllr HTTP/1.1" 200 None
DEBUG:urllib3.connectionpool:Starting new HTTP connection (1): api.geonames.org:80
DEBUG:urllib3.connectionpool:http://api.geonames.org:80 "GET /searchJSON?q=numberbut&fuzzy=0.8&username=gbmllr HTTP/1.1" 200 None
DEBUG:urllib3.connectionpool:Starting new HTTP connection (1): api.geonames.org:80
DEBUG:urllib3.connectionpool:http://api.geonames.org:80 "GET /searchJSON?q=genuswhile&fuzzy=0.8&username=gbmllr HTTP/1.1" 200 None
DEBUG:urllib3.connectionpool:Starting new HTTP connection (1): api.geonames.org:80
DEBUG:urllib3.connectionpool:http://api.geonames.org:80 "GET /searchJSON?q=so&fuzzy=0.8&username=gbmllr HTTP/1.1" 200 None
DEBUG:urllib3.connectionpool:Starting new HTTP connection (1): api.geonames.org:80
DEBUG:urllib3.connectionpool:http://api.geonames.org:80 "GET /searchJSON?q=analogywhile&fuzzy=0.8&username=gbmllr HTTP/1.1" 200 None
DEBUG:urllib3.connectionpool:Starting new HTTP connection (1): api.geonames.org:80
DEBUG:urllib3.connectionpool:http://api.geonames.org:80 "GET /searchJSON?q=genus(MetVb%E2%80%93a/Barnes)Later&fuzzy=0.8&username=gbmllr HTTP/1.1" 200 None
DEBUG:urllib3.connectionpool:Starting new HTTP connection (1): api.geonames.org:80
DEBUG:urllib3.connectionpool:http://api.geonames.org:80 "GET /searchJSON?q=bookAristotle&fuzzy=0.8&username=gbmllr HTTP/1.1" 200 None
DEBUG:urllib3.connectionpool:Starting new HTTP connection (1): api.geonames.org:80
DEBUG:urllib3.connectionpool:http://api.geonames.org:80 "GET /searchJSON?q=draws&fuzzy=0.8&username=gbmllr HTTP/1.1" 200 None
DEBUG:urllib3.connectionpool:Starting new HTTP connection (1): api.geonames.org:80
DEBUG:urllib3.connectionpool:http://api.geonames.org:80 "GET /searchJSON?q=list&fuzzy=0.8&username=gbmllr HTTP/1.1" 200 None
DEBUG:urllib3.connectionpool:Starting new HTTP connection (1): api.geonames.org:80
DEBUG:urllib3.connectionpool:http://api.geonames.org:80 "GET /searchJSON?q=numberspeciesgenusand&fuzzy=0.8&username=gbmllr HTTP/1.1" 200 None
DEBUG:urllib3.connectionpool:Starting new HTTP connection (1): api.geonames.org:80
DEBUG:urllib3.connectionpool:http://api.geonames.org:80 "GET /searchJSON?q=same%E2%80%9D&fuzzy=0.8&username=gbmllr HTTP/1.1" 200 None
DEBUG:urllib3.connectionpool:Starting new HTTP connection (1): api.geonames.org:80
DEBUG:urllib3.connectionpool:http://api.geonames.org:80 "GET /searchJSON?q=other%E2%80%9D&fuzzy=0.8&username=gbmllr HTTP/1.1" 200 None
DEBUG:urllib3.connectionpool:Starting new HTTP connection (1): api.geonames.org:80
DEBUG:urllib3.connectionpool:http://api.geonames.org:80 "GET /searchJSON?q=different%E2%80%9D&fuzzy=0.8&username=gbmllr HTTP/1.1" 200 None
DEBUG:urllib3.connectionpool:Starting new HTTP connection (1): api.geonames.org:80
DEBUG:urllib3.connectionpool:http://api.geonames.org:80 "GET /searchJSON?q=(MetVb%E2%80%93a/Barnes)Analogous&fuzzy=0.8&username=gbmllr HTTP/1.1" 200 None
DEBUG:urllib3.connectionpool:Starting new HTTP connection (1): api.geonames.org:80
DEBUG:urllib3.connectionpool:http://api.geonames.org:80 "GET /searchJSON?q=addition&fuzzy=0.8&username=gbmllr HTTP/1.1" 200 None
DEBUG:urllib3.connectionpool:Starting new HTTP connection (1): api.geonames.org:80
DEBUG:urllib3.connectionpool:http://api.geonames.org:80 "GET /searchJSON?q=comparable&fuzzy=0.8&username=gbmllr HTTP/1.1" 200 None
DEBUG:urllib3.connectionpool:Starting new HTTP connection (1): api.geonames.org:80
DEBUG:urllib3.connectionpool:http://api.geonames.org:80 "GET /searchJSON?q=three&fuzzy=0.8&username=gbmllr HTTP/1.1" 200 None
DEBUG:urllib3.connectionpool:Starting new HTTP connection (1): api.geonames.org:80
DEBUG:urllib3.connectionpool:http://api.geonames.org:80 "GET /searchJSON?q=sameness&fuzzy=0.8&username=gbmllr HTTP/1.1" 200 None
DEBUG:urllib3.connectionpool:Starting new HTTP connection (1): api.geonames.org:80
DEBUG:urllib3.connectionpool:http://api.geonames.org:80 "GET /searchJSON?q=TopISameness&fuzzy=0.8&username=gbmllr HTTP/1.1" 200 None
DEBUG:urllib3.connectionpool:Starting new HTTP connection (1): api.geonames.org:80
DEBUG:urllib3.connectionpool:http://api.geonames.org:80 "GET /searchJSON?q=would&fuzzy=0.8&username=gbmllr HTTP/1.1" 200 None
DEBUG:urllib3.connectionpool:Starting new HTTP connection (1): api.geonames.org:80
DEBUG:urllib3.connectionpool:http://api.geonames.org:80 "GET /searchJSON?q=generally&fuzzy=0.8&username=gbmllr HTTP/1.1" 200 None
DEBUG:urllib3.connectionpool:Starting new HTTP connection (1): api.geonames.org:80
DEBUG:urllib3.connectionpool:http://api.geonames.org:80 "GET /searchJSON?q=regarded&fuzzy=0.8&username=gbmllr HTTP/1.1" 200 None
DEBUG:urllib3.connectionpool:Starting new HTTP connection (1): api.geonames.org:80
DEBUG:urllib3.connectionpool:http://api.geonames.org:80 "GET /searchJSON?q=fallingroughly&fuzzy=0.8&username=gbmllr HTTP/1.1" 200 None
DEBUG:urllib3.connectionpool:Starting new HTTP connection (1): api.geonames.org:80
DEBUG:urllib3.connectionpool:http://api.geonames.org:80 "GET /searchJSON?q=speakinginto&fuzzy=0.8&username=gbmllr HTTP/1.1" 200 None
DEBUG:urllib3.connectionpool:Starting new HTTP connection (1): api.geonames.org:80
DEBUG:urllib3.connectionpool:http://api.geonames.org:80 "GET /searchJSON?q=divisions&fuzzy=0.8&username=gbmllr HTTP/1.1" 200 None
DEBUG:urllib3.connectionpool:Starting new HTTP connection (1): api.geonames.org:80
DEBUG:urllib3.connectionpool:http://api.geonames.org:80 "GET /searchJSON?q=numerically&fuzzy=0.8&username=gbmllr HTTP/1.1" 200 None
DEBUG:urllib3.connectionpool:Starting new HTTP connection (1): api.geonames.org:80
DEBUG:urllib3.connectionpool:http://api.geonames.org:80 "GET /searchJSON?q=cases&fuzzy=0.8&username=gbmllr HTTP/1.1" 200 None
DEBUG:urllib3.connectionpool:Starting new HTTP connection (1): api.geonames.org:80
DEBUG:urllib3.connectionpool:http://api.geonames.org:80 "GET /searchJSON?q=thingegdoublet&fuzzy=0.8&username=gbmllr HTTP/1.1" 200 None
DEBUG:urllib3.connectionpool:Starting new HTTP connection (1): api.geonames.org:80
DEBUG:urllib3.connectionpool:http://api.geonames.org:80 "GET /searchJSON?q=cloakspecificallywhere&fuzzy=0.8&username=gbmllr HTTP/1.1" 200 None
DEBUG:urllib3.connectionpool:Starting new HTTP connection (1): api.geonames.org:80
DEBUG:urllib3.connectionpool:http://api.geonames.org:80 "GET /searchJSON?q=thingbut&fuzzy=0.8&username=gbmllr HTTP/1.1" 200 None
DEBUG:urllib3.connectionpool:Starting new HTTP connection (1): api.geonames.org:80
DEBUG:urllib3.connectionpool:http://api.geonames.org:80 "GET /searchJSON?q=present&fuzzy=0.8&username=gbmllr HTTP/1.1" 200 None
DEBUG:urllib3.connectionpool:Starting new HTTP connection (1): api.geonames.org:80
DEBUG:urllib3.connectionpool:http://api.geonames.org:80 "GET /searchJSON?q=differences&fuzzy=0.8&username=gbmllr HTTP/1.1" 200 None
DEBUG:urllib3.connectionpool:Starting new HTTP connection (1): api.geonames.org:80
DEBUG:urllib3.connectionpool:http://api.geonames.org:80 "GET /searchJSON?q=speciesas&fuzzy=0.8&username=gbmllr HTTP/1.1" 200 None
DEBUG:urllib3.connectionpool:Starting new HTTP connection (1): api.geonames.org:80
DEBUG:urllib3.connectionpool:http://api.geonames.org:80 "GET /searchJSON?q=anotheror&fuzzy=0.8&username=gbmllr HTTP/1.1" 200 None
DEBUG:urllib3.connectionpool:Starting new HTTP connection (1): api.geonames.org:80
DEBUG:urllib3.connectionpool:http://api.geonames.org:80 "GET /searchJSON?q=horse&fuzzy=0.8&username=gbmllr HTTP/1.1" 200 None
DEBUG:urllib3.connectionpool:Starting new HTTP connection (1): api.geonames.org:80
DEBUG:urllib3.connectionpool:http://api.geonames.org:80 "GET /searchJSON?q=anotherSimilarlytoothose&fuzzy=0.8&username=gbmllr HTTP/1.1" 200 None
DEBUG:urllib3.connectionpool:Starting new HTTP connection (1): api.geonames.org:80
DEBUG:urllib3.connectionpool:http://api.geonames.org:80 "GET /searchJSON?q=generically&fuzzy=0.8&username=gbmllr HTTP/1.1" 200 None
DEBUG:urllib3.connectionpool:Starting new HTTP connection (1): api.geonames.org:80
DEBUG:urllib3.connectionpool:http://api.geonames.org:80 "GET /searchJSON?q=fall&fuzzy=0.8&username=gbmllr HTTP/1.1" 200 None
DEBUG:urllib3.connectionpool:Starting new HTTP connection (1): api.geonames.org:80
DEBUG:urllib3.connectionpool:http://api.geonames.org:80 "GET /searchJSON?q=genussuch&fuzzy=0.8&username=gbmllr HTTP/1.1" 200 None
DEBUG:urllib3.connectionpool:Starting new HTTP connection (1): api.geonames.org:80
DEBUG:urllib3.connectionpool:http://api.geonames.org:80 "GET /searchJSON?q=man(TopIa&fuzzy=0.8&username=gbmllr HTTP/1.1" 200 None
DEBUG:urllib3.connectionpool:Starting new HTTP connection (1): api.geonames.org:80
DEBUG:urllib3.connectionpool:http://api.geonames.org:80 "GET /searchJSON?q=%E2%80%93/Barnes)Aristotle%E2%80%99s&fuzzy=0.8&username=gbmllr HTTP/1.1" 200 None
DEBUG:urllib3.connectionpool:Starting new HTTP connection (1): api.geonames.org:80
DEBUG:urllib3.connectionpool:http://api.geonames.org:80 "GET /searchJSON?q=examples&fuzzy=0.8&username=gbmllr HTTP/1.1" 200 None
DEBUG:urllib3.connectionpool:Starting new HTTP connection (1): api.geonames.org:80
DEBUG:urllib3.connectionpool:http://api.geonames.org:80 "GET /searchJSON?q=numberspeciesand&fuzzy=0.8&username=gbmllr HTTP/1.1" 200 None
DEBUG:urllib3.connectionpool:Starting new HTTP connection (1): api.geonames.org:80
DEBUG:urllib3.connectionpool:http://api.geonames.org:80 "GET /searchJSON?q=easily&fuzzy=0.8&username=gbmllr HTTP/1.1" 200 None
DEBUG:urllib3.connectionpool:Starting new HTTP connection (1): api.geonames.org:80
DEBUG:urllib3.connectionpool:http://api.geonames.org:80 "GET /searchJSON?q=fit&fuzzy=0.8&username=gbmllr HTTP/1.1" 200 None
DEBUG:urllib3.connectionpool:Starting new HTTP connection (1): api.geonames.org:80
DEBUG:urllib3.connectionpool:http://api.geonames.org:80 "GET /searchJSON?q=being-one&fuzzy=0.8&username=gbmllr HTTP/1.1" 200 None
DEBUG:urllib3.connectionpool:Starting new HTTP connection (1): api.geonames.org:80
DEBUG:urllib3.connectionpool:http://api.geonames.org:80 "GET /searchJSON?q=genusThe&fuzzy=0.8&username=gbmllr HTTP/1.1" 200 None
DEBUG:urllib3.connectionpool:Starting new HTTP connection (1): api.geonames.org:80
DEBUG:urllib3.connectionpool:http://api.geonames.org:80 "GET /searchJSON?q=object&fuzzy=0.8&username=gbmllr HTTP/1.1" 200 None
DEBUG:urllib3.connectionpool:Starting new HTTP connection (1): api.geonames.org:80
DEBUG:urllib3.connectionpool:http://api.geonames.org:80 "GET /searchJSON?q=doublet&fuzzy=0.8&username=gbmllr HTTP/1.1" 200 None
DEBUG:urllib3.connectionpool:Starting new HTTP connection (1): api.geonames.org:80
DEBUG:urllib3.connectionpool:http://api.geonames.org:80 "GET /searchJSON?q=cloak&fuzzy=0.8&username=gbmllr HTTP/1.1" 200 None
DEBUG:urllib3.connectionpool:Starting new HTTP connection (1): api.geonames.org:80
DEBUG:urllib3.connectionpool:http://api.geonames.org:80 "GET /searchJSON?q=matterand&fuzzy=0.8&username=gbmllr HTTP/1.1" 200 None
DEBUG:urllib3.connectionpool:Starting new HTTP connection (1): api.geonames.org:80
DEBUG:urllib3.connectionpool:http://api.geonames.org:80 "GET /searchJSON?q=accordinglythe&fuzzy=0.8&username=gbmllr HTTP/1.1" 200 None
DEBUG:urllib3.connectionpool:Starting new HTTP connection (1): api.geonames.org:80
DEBUG:urllib3.connectionpool:http://api.geonames.org:80 "GET /searchJSON?q=oneThe&fuzzy=0.8&username=gbmllr HTTP/1.1" 200 None
DEBUG:urllib3.connectionpool:Starting new HTTP connection (1): api.geonames.org:80
DEBUG:urllib3.connectionpool:http://api.geonames.org:80 "GET /searchJSON?name=promi-nent&fuzzy=0.8&username=gbmllr HTTP/1.1" 200 None
DEBUG:urllib3.connectionpool:Starting new HTTP connection (1): api.geonames.org:80
DEBUG:urllib3.connectionpool:http://api.geonames.org:80 "GET /searchJSON?name=Mastriussee&fuzzy=0.8&username=gbmllr HTTP/1.1" 200 None
DEBUG:urllib3.connectionpool:Starting new HTTP connection (1): api.geonames.org:80
DEBUG:urllib3.connectionpool:http://api.geonames.org:80 "GET /searchJSON?name=D%E2%80%99Ettore%E2%80%9CDoes&fuzzy=0.8&username=gbmllr HTTP/1.1" 200 None
DEBUG:urllib3.connectionpool:Starting new HTTP connection (1): api.geonames.org:80
DEBUG:urllib3.connectionpool:http://api.geonames.org:80 "GET /searchJSON?name=Work&fuzzy=0.8&username=gbmllr HTTP/1.1" 200 None
DEBUG:urllib3.connectionpool:Starting new HTTP connection (1): api.geonames.org:80
DEBUG:urllib3.connectionpool:http://api.geonames.org:80 "GET /searchJSON?name=Demonstration%E2%80%9D&fuzzy=0.8&username=gbmllr HTTP/1.1" 200 None
DEBUG:urllib3.connectionpool:Starting new HTTP connection (1): api.geonames.org:80
DEBUG:urllib3.connectionpool:http://api.geonames.org:80 "GET /searchJSON?name=journal&fuzzy=0.8&username=gbmllr HTTP/1.1" 200 None
DEBUG:urllib3.connectionpool:Starting new HTTP connection (1): api.geonames.org:80
DEBUG:urllib3.connectionpool:http://api.geonames.org:80 "GET /searchJSON?name=way&fuzzy=0.8&username=gbmllr HTTP/1.1" 200 None
DEBUG:urllib3.connectionpool:Starting new HTTP connection (1): api.geonames.org:80
DEBUG:urllib3.connectionpool:http://api.geonames.org:80 "GET /searchJSON?name=influence&fuzzy=0.8&username=gbmllr HTTP/1.1" 200 None
DEBUG:urllib3.connectionpool:Starting new HTTP connection (1): api.geonames.org:80
DEBUG:urllib3.connectionpool:http://api.geonames.org:80 "GET /searchJSON?name=lack&fuzzy=0.8&username=gbmllr HTTP/1.1" 200 None
DEBUG:urllib3.connectionpool:Starting new HTTP connection (1): api.geonames.org:80
DEBUG:urllib3.connectionpool:http://api.geonames.org:80 "GET /searchJSON?name=concerning&fuzzy=0.8&username=gbmllr HTTP/1.1" 200 None
DEBUG:urllib3.connectionpool:Starting new HTTP connection (1): api.geonames.org:80
DEBUG:urllib3.connectionpool:http://api.geonames.org:80 "GET /searchJSON?name=signifiedThere&fuzzy=0.8&username=gbmllr HTTP/1.1" 200 None
DEBUG:urllib3.connectionpool:Starting new HTTP connection (1): api.geonames.org:80
DEBUG:urllib3.connectionpool:http://api.geonames.org:80 "GET /searchJSON?name=thorough&fuzzy=0.8&username=gbmllr HTTP/1.1" 200 None
DEBUG:urllib3.connectionpool:Starting new HTTP connection (1): api.geonames.org:80
DEBUG:urllib3.connectionpool:http://api.geonames.org:80 "GET /searchJSON?name=treatments&fuzzy=0.8&username=gbmllr HTTP/1.1" 200 None
DEBUG:urllib3.connectionpool:Starting new HTTP connection (1): api.geonames.org:80
DEBUG:urllib3.connectionpool:http://api.geonames.org:80 "GET /searchJSON?name=beingcovering&fuzzy=0.8&username=gbmllr HTTP/1.1" 200 None
DEBUG:urllib3.connectionpool:Starting new HTTP connection (1): api.geonames.org:80
DEBUG:urllib3.connectionpool:http://api.geonames.org:80 "GET /searchJSON?name=worksas&fuzzy=0.8&username=gbmllr HTTP/1.1" 200 None
DEBUG:urllib3.connectionpool:Starting new HTTP connection (1): api.geonames.org:80
DEBUG:urllib3.connectionpool:http://api.geonames.org:80 "GET /searchJSON?name=significant&fuzzy=0.8&username=gbmllr HTTP/1.1" 200 None
DEBUG:urllib3.connectionpool:Starting new HTTP connection (1): api.geonames.org:80
DEBUG:urllib3.connectionpool:http://api.geonames.org:80 "GET /searchJSON?name=beingI&fuzzy=0.8&username=gbmllr HTTP/1.1" 200 None
DEBUG:urllib3.connectionpool:Starting new HTTP connection (1): api.geonames.org:80
DEBUG:urllib3.connectionpool:http://api.geonames.org:80 "GET /searchJSON?name=unawarehoweverof&fuzzy=0.8&username=gbmllr HTTP/1.1" 200 None
DEBUG:urllib3.connectionpool:Starting new HTTP connection (1): api.geonames.org:80
DEBUG:urllib3.connectionpool:http://api.geonames.org:80 "GET /searchJSON?name=any&fuzzy=0.8&username=gbmllr HTTP/1.1" 200 None
DEBUG:urllib3.connectionpool:Starting new HTTP connection (1): api.geonames.org:80
DEBUG:urllib3.connectionpool:http://api.geonames.org:80 "GET /searchJSON?name=direct&fuzzy=0.8&username=gbmllr HTTP/1.1" 200 None
DEBUG:urllib3.connectionpool:Starting new HTTP connection (1): api.geonames.org:80
DEBUG:urllib3.connectionpool:http://api.geonames.org:80 "GET /searchJSON?name=sakeIt&fuzzy=0.8&username=gbmllr HTTP/1.1" 200 None
DEBUG:urllib3.connectionpool:Starting new HTTP connection (1): api.geonames.org:80
DEBUG:urllib3.connectionpool:http://api.geonames.org:80 "GET /searchJSON?name=intention&fuzzy=0.8&username=gbmllr HTTP/1.1" 200 None
DEBUG:urllib3.connectionpool:Starting new HTTP connection (1): api.geonames.org:80
DEBUG:urllib3.connectionpool:http://api.geonames.org:80 "GET /searchJSON?name=Doctor&fuzzy=0.8&username=gbmllr HTTP/1.1" 200 None
DEBUG:urllib3.connectionpool:Starting new HTTP connection (1): api.geonames.org:80
DEBUG:urllib3.connectionpool:http://api.geonames.org:80 "GET /searchJSON?name=analogiaScotus&fuzzy=0.8&username=gbmllr HTTP/1.1" 200 None
DEBUG:urllib3.connectionpool:Starting new HTTP connection (1): api.geonames.org:80
DEBUG:urllib3.connectionpool:http://api.geonames.org:80 "GET /searchJSON?name=(proportional&fuzzy=0.8&username=gbmllr HTTP/1.1" 200 None
DEBUG:urllib3.connectionpool:Starting new HTTP connection (1): api.geonames.org:80
DEBUG:urllib3.connectionpool:http://api.geonames.org:80 "GET /searchJSON?name=unity)&fuzzy=0.8&username=gbmllr HTTP/1.1" 200 None
DEBUG:urllib3.connectionpool:Starting new HTTP connection (1): api.geonames.org:80
DEBUG:urllib3.connectionpool:http://api.geonames.org:80 "GET /searchJSON?name=equivocationI&fuzzy=0.8&username=gbmllr HTTP/1.1" 200 None
DEBUG:urllib3.connectionpool:Starting new HTTP connection (1): api.geonames.org:80
DEBUG:urllib3.connectionpool:http://api.geonames.org:80 "GET /searchJSON?name=since&fuzzy=0.8&username=gbmllr HTTP/1.1" 200 None
DEBUG:urllib3.connectionpool:Starting new HTTP connection (1): api.geonames.org:80
DEBUG:urllib3.connectionpool:http://api.geonames.org:80 "GET /searchJSON?name=helps&fuzzy=0.8&username=gbmllr HTTP/1.1" 200 None
DEBUG:urllib3.connectionpool:Starting new HTTP connection (1): api.geonames.org:80
DEBUG:urllib3.connectionpool:http://api.geonames.org:80 "GET /searchJSON?name=show&fuzzy=0.8&username=gbmllr HTTP/1.1" 200 None
DEBUG:urllib3.connectionpool:Starting new HTTP connection (1): api.geonames.org:80
DEBUG:urllib3.connectionpool:http://api.geonames.org:80 "GET /searchJSON?name=foundations&fuzzy=0.8&username=gbmllr HTTP/1.1" 200 None
DEBUG:urllib3.connectionpool:Starting new HTTP connection (1): api.geonames.org:80
DEBUG:urllib3.connectionpool:http://api.geonames.org:80 "GET /searchJSON?name=thingsWhile&fuzzy=0.8&username=gbmllr HTTP/1.1" 200 None
DEBUG:urllib3.connectionpool:Starting new HTTP connection (1): api.geonames.org:80
DEBUG:urllib3.connectionpool:http://api.geonames.org:80 "GET /searchJSON?name=polemical&fuzzy=0.8&username=gbmllr HTTP/1.1" 200 None
DEBUG:urllib3.connectionpool:Starting new HTTP connection (1): api.geonames.org:80
DEBUG:urllib3.connectionpool:http://api.geonames.org:80 "GET /searchJSON?name=context&fuzzy=0.8&username=gbmllr HTTP/1.1" 200 None
DEBUG:urllib3.connectionpool:Starting new HTTP connection (1): api.geonames.org:80
DEBUG:urllib3.connectionpool:http://api.geonames.org:80 "GET /searchJSON?name=beingthe&fuzzy=0.8&username=gbmllr HTTP/1.1" 200 None
DEBUG:urllib3.connectionpool:Starting new HTTP connection (1): api.geonames.org:80
DEBUG:urllib3.connectionpool:http://api.geonames.org:80 "GET /searchJSON?name=explore&fuzzy=0.8&username=gbmllr HTTP/1.1" 200 None
DEBUG:urllib3.connectionpool:Starting new HTTP connection (1): api.geonames.org:80
DEBUG:urllib3.connectionpool:http://api.geonames.org:80 "GET /searchJSON?name=expresses&fuzzy=0.8&username=gbmllr HTTP/1.1" 200 None
DEBUG:urllib3.connectionpool:Starting new HTTP connection (1): api.geonames.org:80
DEBUG:urllib3.connectionpool:http://api.geonames.org:80 "GET /searchJSON?name=argumentsAccordinglythe&fuzzy=0.8&username=gbmllr HTTP/1.1" 200 None
DEBUG:urllib3.connectionpool:Starting new HTTP connection (1): api.geonames.org:80
DEBUG:urllib3.connectionpool:http://api.geonames.org:80 "GET /searchJSON?name=focus&fuzzy=0.8&username=gbmllr HTTP/1.1" 200 None
DEBUG:urllib3.connectionpool:Starting new HTTP connection (1): api.geonames.org:80
DEBUG:urllib3.connectionpool:http://api.geonames.org:80 "GET /searchJSON?name=speaks&fuzzy=0.8&username=gbmllr HTTP/1.1" 200 None
DEBUG:urllib3.connectionpool:Starting new HTTP connection (1): api.geonames.org:80
DEBUG:urllib3.connectionpool:http://api.geonames.org:80 "GET /searchJSON?name=commentaries&fuzzy=0.8&username=gbmllr HTTP/1.1" 200 None
DEBUG:urllib3.connectionpool:Starting new HTTP connection (1): api.geonames.org:80
DEBUG:urllib3.connectionpool:http://api.geonames.org:80 "GET /searchJSON?name=AristotleThe&fuzzy=0.8&username=gbmllr HTTP/1.1" 200 None
DEBUG:urllib3.connectionpool:Starting new HTTP connection (1): api.geonames.org:80
DEBUG:urllib3.connectionpool:http://api.geonames.org:80 "GET /searchJSON?name=portion&fuzzy=0.8&username=gbmllr HTTP/1.1" 200 None
DEBUG:urllib3.connectionpool:Starting new HTTP connection (1): api.geonames.org:80
DEBUG:urllib3.connectionpool:http://api.geonames.org:80 "GET /searchJSON?name=philosophical&fuzzy=0.8&username=gbmllr HTTP/1.1" 200 None
DEBUG:urllib3.connectionpool:Starting new HTTP connection (1): api.geonames.org:80
DEBUG:urllib3.connectionpool:http://api.geonames.org:80 "GET /searchJSON?name=order&fuzzy=0.8&username=gbmllr HTTP/1.1" 200 None
DEBUG:urllib3.connectionpool:Starting new HTTP connection (1): api.geonames.org:80
DEBUG:urllib3.connectionpool:http://api.geonames.org:80 "GET /searchJSON?name=continuity&fuzzy=0.8&username=gbmllr HTTP/1.1" 200 None
DEBUG:urllib3.connectionpool:Starting new HTTP connection (1): api.geonames.org:80
DEBUG:urllib3.connectionpool:http://api.geonames.org:80 "GET /searchJSON?name=development&fuzzy=0.8&username=gbmllr HTTP/1.1" 200 None
DEBUG:urllib3.connectionpool:Starting new HTTP connection (1): api.geonames.org:80
DEBUG:urllib3.connectionpool:http://api.geonames.org:80 "GET /searchJSON?name=unityI&fuzzy=0.8&username=gbmllr HTTP/1.1" 200 None
DEBUG:urllib3.connectionpool:Starting new HTTP connection (1): api.geonames.org:80
DEBUG:urllib3.connectionpool:http://api.geonames.org:80 "GET /searchJSON?name=conclude&fuzzy=0.8&username=gbmllr HTTP/1.1" 200 None
DEBUG:urllib3.connectionpool:Starting new HTTP connection (1): api.geonames.org:80
DEBUG:urllib3.connectionpool:http://api.geonames.org:80 "GET /searchJSON?name=rejects&fuzzy=0.8&username=gbmllr HTTP/1.1" 200 None
DEBUG:urllib3.connectionpool:Starting new HTTP connection (1): api.geonames.org:80
DEBUG:urllib3.connectionpool:http://api.geonames.org:80 "GET /searchJSON?name=promi-nent&fuzzy=0.8&username=gbmllr HTTP/1.1" 200 None
DEBUG:urllib3.connectionpool:Starting new HTTP connection (1): api.geonames.org:80
DEBUG:urllib3.connectionpool:http://api.geonames.org:80 "GET /searchJSON?name=Mastriussee&fuzzy=0.8&username=gbmllr HTTP/1.1" 200 None
DEBUG:urllib3.connectionpool:Starting new HTTP connection (1): api.geonames.org:80
DEBUG:urllib3.connectionpool:http://api.geonames.org:80 "GET /searchJSON?name=D%E2%80%99Ettore%E2%80%9CDoes&fuzzy=0.8&username=gbmllr HTTP/1.1" 200 None
DEBUG:urllib3.connectionpool:Starting new HTTP connection (1): api.geonames.org:80
DEBUG:urllib3.connectionpool:http://api.geonames.org:80 "GET /searchJSON?name=Work&fuzzy=0.8&username=gbmllr HTTP/1.1" 200 None
DEBUG:urllib3.connectionpool:Starting new HTTP connection (1): api.geonames.org:80
DEBUG:urllib3.connectionpool:http://api.geonames.org:80 "GET /searchJSON?name=Demonstration%E2%80%9D&fuzzy=0.8&username=gbmllr HTTP/1.1" 200 None
DEBUG:urllib3.connectionpool:Starting new HTTP connection (1): api.geonames.org:80
DEBUG:urllib3.connectionpool:http://api.geonames.org:80 "GET /searchJSON?name=journal&fuzzy=0.8&username=gbmllr HTTP/1.1" 200 None
DEBUG:urllib3.connectionpool:Starting new HTTP connection (1): api.geonames.org:80
DEBUG:urllib3.connectionpool:http://api.geonames.org:80 "GET /searchJSON?name=way&fuzzy=0.8&username=gbmllr HTTP/1.1" 200 None
DEBUG:urllib3.connectionpool:Starting new HTTP connection (1): api.geonames.org:80
DEBUG:urllib3.connectionpool:http://api.geonames.org:80 "GET /searchJSON?name=influence&fuzzy=0.8&username=gbmllr HTTP/1.1" 200 None
DEBUG:urllib3.connectionpool:Starting new HTTP connection (1): api.geonames.org:80
DEBUG:urllib3.connectionpool:http://api.geonames.org:80 "GET /searchJSON?name=lack&fuzzy=0.8&username=gbmllr HTTP/1.1" 200 None
DEBUG:urllib3.connectionpool:Starting new HTTP connection (1): api.geonames.org:80
DEBUG:urllib3.connectionpool:http://api.geonames.org:80 "GET /searchJSON?name=concerning&fuzzy=0.8&username=gbmllr HTTP/1.1" 200 None
DEBUG:urllib3.connectionpool:Starting new HTTP connection (1): api.geonames.org:80
DEBUG:urllib3.connectionpool:http://api.geonames.org:80 "GET /searchJSON?name=signifiedThere&fuzzy=0.8&username=gbmllr HTTP/1.1" 200 None
DEBUG:urllib3.connectionpool:Starting new HTTP connection (1): api.geonames.org:80
DEBUG:urllib3.connectionpool:http://api.geonames.org:80 "GET /searchJSON?name=thorough&fuzzy=0.8&username=gbmllr HTTP/1.1" 200 None
DEBUG:urllib3.connectionpool:Starting new HTTP connection (1): api.geonames.org:80
DEBUG:urllib3.connectionpool:http://api.geonames.org:80 "GET /searchJSON?name=treatments&fuzzy=0.8&username=gbmllr HTTP/1.1" 200 None
DEBUG:urllib3.connectionpool:Starting new HTTP connection (1): api.geonames.org:80
DEBUG:urllib3.connectionpool:http://api.geonames.org:80 "GET /searchJSON?name=beingcovering&fuzzy=0.8&username=gbmllr HTTP/1.1" 200 None
DEBUG:urllib3.connectionpool:Starting new HTTP connection (1): api.geonames.org:80
DEBUG:urllib3.connectionpool:http://api.geonames.org:80 "GET /searchJSON?name=worksas&fuzzy=0.8&username=gbmllr HTTP/1.1" 200 None
DEBUG:urllib3.connectionpool:Starting new HTTP connection (1): api.geonames.org:80
DEBUG:urllib3.connectionpool:http://api.geonames.org:80 "GET /searchJSON?name=significant&fuzzy=0.8&username=gbmllr HTTP/1.1" 200 None
DEBUG:urllib3.connectionpool:Starting new HTTP connection (1): api.geonames.org:80
DEBUG:urllib3.connectionpool:http://api.geonames.org:80 "GET /searchJSON?name=beingI&fuzzy=0.8&username=gbmllr HTTP/1.1" 200 None
DEBUG:urllib3.connectionpool:Starting new HTTP connection (1): api.geonames.org:80
DEBUG:urllib3.connectionpool:http://api.geonames.org:80 "GET /searchJSON?name=unawarehoweverof&fuzzy=0.8&username=gbmllr HTTP/1.1" 200 None
DEBUG:urllib3.connectionpool:Starting new HTTP connection (1): api.geonames.org:80
DEBUG:urllib3.connectionpool:http://api.geonames.org:80 "GET /searchJSON?name=any&fuzzy=0.8&username=gbmllr HTTP/1.1" 200 None
DEBUG:urllib3.connectionpool:Starting new HTTP connection (1): api.geonames.org:80
DEBUG:urllib3.connectionpool:http://api.geonames.org:80 "GET /searchJSON?name=direct&fuzzy=0.8&username=gbmllr HTTP/1.1" 200 None
DEBUG:urllib3.connectionpool:Starting new HTTP connection (1): api.geonames.org:80
DEBUG:urllib3.connectionpool:http://api.geonames.org:80 "GET /searchJSON?name=sakeIt&fuzzy=0.8&username=gbmllr HTTP/1.1" 200 None
DEBUG:urllib3.connectionpool:Starting new HTTP connection (1): api.geonames.org:80
DEBUG:urllib3.connectionpool:http://api.geonames.org:80 "GET /searchJSON?name=intention&fuzzy=0.8&username=gbmllr HTTP/1.1" 200 None
DEBUG:urllib3.connectionpool:Starting new HTTP connection (1): api.geonames.org:80
DEBUG:urllib3.connectionpool:http://api.geonames.org:80 "GET /searchJSON?name=Doctor&fuzzy=0.8&username=gbmllr HTTP/1.1" 200 None
DEBUG:urllib3.connectionpool:Starting new HTTP connection (1): api.geonames.org:80
DEBUG:urllib3.connectionpool:http://api.geonames.org:80 "GET /searchJSON?name=analogiaScotus&fuzzy=0.8&username=gbmllr HTTP/1.1" 200 None
DEBUG:urllib3.connectionpool:Starting new HTTP connection (1): api.geonames.org:80
DEBUG:urllib3.connectionpool:http://api.geonames.org:80 "GET /searchJSON?name=(proportional&fuzzy=0.8&username=gbmllr HTTP/1.1" 200 None
DEBUG:urllib3.connectionpool:Starting new HTTP connection (1): api.geonames.org:80
DEBUG:urllib3.connectionpool:http://api.geonames.org:80 "GET /searchJSON?name=unity)&fuzzy=0.8&username=gbmllr HTTP/1.1" 200 None
DEBUG:urllib3.connectionpool:Starting new HTTP connection (1): api.geonames.org:80
DEBUG:urllib3.connectionpool:http://api.geonames.org:80 "GET /searchJSON?name=equivocationI&fuzzy=0.8&username=gbmllr HTTP/1.1" 200 None
DEBUG:urllib3.connectionpool:Starting new HTTP connection (1): api.geonames.org:80
DEBUG:urllib3.connectionpool:http://api.geonames.org:80 "GET /searchJSON?name=since&fuzzy=0.8&username=gbmllr HTTP/1.1" 200 None
DEBUG:urllib3.connectionpool:Starting new HTTP connection (1): api.geonames.org:80
DEBUG:urllib3.connectionpool:http://api.geonames.org:80 "GET /searchJSON?name=helps&fuzzy=0.8&username=gbmllr HTTP/1.1" 200 None
DEBUG:urllib3.connectionpool:Starting new HTTP connection (1): api.geonames.org:80
DEBUG:urllib3.connectionpool:http://api.geonames.org:80 "GET /searchJSON?name=show&fuzzy=0.8&username=gbmllr HTTP/1.1" 200 None
DEBUG:urllib3.connectionpool:Starting new HTTP connection (1): api.geonames.org:80
DEBUG:urllib3.connectionpool:http://api.geonames.org:80 "GET /searchJSON?name=foundations&fuzzy=0.8&username=gbmllr HTTP/1.1" 200 None
DEBUG:urllib3.connectionpool:Starting new HTTP connection (1): api.geonames.org:80
DEBUG:urllib3.connectionpool:http://api.geonames.org:80 "GET /searchJSON?name=thingsWhile&fuzzy=0.8&username=gbmllr HTTP/1.1" 200 None
DEBUG:urllib3.connectionpool:Starting new HTTP connection (1): api.geonames.org:80
DEBUG:urllib3.connectionpool:http://api.geonames.org:80 "GET /searchJSON?name=polemical&fuzzy=0.8&username=gbmllr HTTP/1.1" 200 None
DEBUG:urllib3.connectionpool:Starting new HTTP connection (1): api.geonames.org:80
DEBUG:urllib3.connectionpool:http://api.geonames.org:80 "GET /searchJSON?name=context&fuzzy=0.8&username=gbmllr HTTP/1.1" 200 None
DEBUG:urllib3.connectionpool:Starting new HTTP connection (1): api.geonames.org:80
DEBUG:urllib3.connectionpool:http://api.geonames.org:80 "GET /searchJSON?name=beingthe&fuzzy=0.8&username=gbmllr HTTP/1.1" 200 None
DEBUG:urllib3.connectionpool:Starting new HTTP connection (1): api.geonames.org:80
DEBUG:urllib3.connectionpool:http://api.geonames.org:80 "GET /searchJSON?name=explore&fuzzy=0.8&username=gbmllr HTTP/1.1" 200 None
DEBUG:urllib3.connectionpool:Starting new HTTP connection (1): api.geonames.org:80
DEBUG:urllib3.connectionpool:http://api.geonames.org:80 "GET /searchJSON?name=expresses&fuzzy=0.8&username=gbmllr HTTP/1.1" 200 None
DEBUG:urllib3.connectionpool:Starting new HTTP connection (1): api.geonames.org:80
DEBUG:urllib3.connectionpool:http://api.geonames.org:80 "GET /searchJSON?name=argumentsAccordinglythe&fuzzy=0.8&username=gbmllr HTTP/1.1" 200 None
DEBUG:urllib3.connectionpool:Starting new HTTP connection (1): api.geonames.org:80
DEBUG:urllib3.connectionpool:http://api.geonames.org:80 "GET /searchJSON?name=focus&fuzzy=0.8&username=gbmllr HTTP/1.1" 200 None
DEBUG:urllib3.connectionpool:Starting new HTTP connection (1): api.geonames.org:80
DEBUG:urllib3.connectionpool:http://api.geonames.org:80 "GET /searchJSON?name=speaks&fuzzy=0.8&username=gbmllr HTTP/1.1" 200 None
DEBUG:urllib3.connectionpool:Starting new HTTP connection (1): api.geonames.org:80
DEBUG:urllib3.connectionpool:http://api.geonames.org:80 "GET /searchJSON?name=commentaries&fuzzy=0.8&username=gbmllr HTTP/1.1" 200 None
DEBUG:urllib3.connectionpool:Starting new HTTP connection (1): api.geonames.org:80
DEBUG:urllib3.connectionpool:http://api.geonames.org:80 "GET /searchJSON?name=AristotleThe&fuzzy=0.8&username=gbmllr HTTP/1.1" 200 None
DEBUG:urllib3.connectionpool:Starting new HTTP connection (1): api.geonames.org:80
DEBUG:urllib3.connectionpool:http://api.geonames.org:80 "GET /searchJSON?name=portion&fuzzy=0.8&username=gbmllr HTTP/1.1" 200 None
DEBUG:urllib3.connectionpool:Starting new HTTP connection (1): api.geonames.org:80
DEBUG:urllib3.connectionpool:http://api.geonames.org:80 "GET /searchJSON?name=philosophical&fuzzy=0.8&username=gbmllr HTTP/1.1" 200 None
DEBUG:urllib3.connectionpool:Starting new HTTP connection (1): api.geonames.org:80
DEBUG:urllib3.connectionpool:http://api.geonames.org:80 "GET /searchJSON?name=order&fuzzy=0.8&username=gbmllr HTTP/1.1" 200 None
DEBUG:urllib3.connectionpool:Starting new HTTP connection (1): api.geonames.org:80
DEBUG:urllib3.connectionpool:http://api.geonames.org:80 "GET /searchJSON?name=continuity&fuzzy=0.8&username=gbmllr HTTP/1.1" 200 None
DEBUG:urllib3.connectionpool:Starting new HTTP connection (1): api.geonames.org:80
DEBUG:urllib3.connectionpool:http://api.geonames.org:80 "GET /searchJSON?name=development&fuzzy=0.8&username=gbmllr HTTP/1.1" 200 None
DEBUG:urllib3.connectionpool:Starting new HTTP connection (1): api.geonames.org:80
DEBUG:urllib3.connectionpool:http://api.geonames.org:80 "GET /searchJSON?name=unityI&fuzzy=0.8&username=gbmllr HTTP/1.1" 200 None
DEBUG:urllib3.connectionpool:Starting new HTTP connection (1): api.geonames.org:80
DEBUG:urllib3.connectionpool:http://api.geonames.org:80 "GET /searchJSON?name=conclude&fuzzy=0.8&username=gbmllr HTTP/1.1" 200 None
DEBUG:urllib3.connectionpool:Starting new HTTP connection (1): api.geonames.org:80
DEBUG:urllib3.connectionpool:http://api.geonames.org:80 "GET /searchJSON?name=rejects&fuzzy=0.8&username=gbmllr HTTP/1.1" 200 None
DEBUG:urllib3.connectionpool:Starting new HTTP connection (1): api.geonames.org:80
DEBUG:urllib3.connectionpool:http://api.geonames.org:80 "GET /searchJSON?name=rationisquae&fuzzy=0.8&username=gbmllr HTTP/1.1" 200 None
DEBUG:urllib3.connectionpool:Starting new HTTP connection (1): api.geonames.org:80
DEBUG:urllib3.connectionpool:http://api.geonames.org:80 "GET /searchJSON?name=fundatur&fuzzy=0.8&username=gbmllr HTTP/1.1" 200 None
DEBUG:urllib3.connectionpool:Starting new HTTP connection (1): api.geonames.org:80
DEBUG:urllib3.connectionpool:http://api.geonames.org:80 "GET /searchJSON?name=tali&fuzzy=0.8&username=gbmllr HTTP/1.1" 200 None
DEBUG:urllib3.connectionpool:Starting new HTTP connection (1): api.geonames.org:80
DEBUG:urllib3.connectionpool:http://api.geonames.org:80 "GET /searchJSON?name=unitateest&fuzzy=0.8&username=gbmllr HTTP/1.1" 200 None
DEBUG:urllib3.connectionpool:Starting new HTTP connection (1): api.geonames.org:80
DEBUG:urllib3.connectionpool:http://api.geonames.org:80 "GET /searchJSON?name=secunda&fuzzy=0.8&username=gbmllr HTTP/1.1" 200 None
DEBUG:urllib3.connectionpool:Starting new HTTP connection (1): api.geonames.org:80
DEBUG:urllib3.connectionpool:http://api.geonames.org:80 "GET /searchJSON?name=divisione%E2%80%9Danalogous&fuzzy=0.8&username=gbmllr HTTP/1.1" 200 None
DEBUG:urllib3.connectionpool:Starting new HTTP connection (1): api.geonames.org:80
DEBUG:urllib3.connectionpool:http://api.geonames.org:80 "GET /searchJSON?name=scotusQuestion&fuzzy=0.8&username=gbmllr HTTP/1.1" 200 None
DEBUG:urllib3.connectionpool:Starting new HTTP connection (1): api.geonames.org:80
DEBUG:urllib3.connectionpool:http://api.geonames.org:80 "GET /searchJSON?name=asks&fuzzy=0.8&username=gbmllr HTTP/1.1" 200 None
DEBUG:urllib3.connectionpool:Starting new HTTP connection (1): api.geonames.org:80
DEBUG:urllib3.connectionpool:http://api.geonames.org:80 "GET /searchJSON?name=%E2%80%9Cwhether&fuzzy=0.8&username=gbmllr HTTP/1.1" 200 None
DEBUG:urllib3.connectionpool:Starting new HTTP connection (1): api.geonames.org:80
DEBUG:urllib3.connectionpool:http://api.geonames.org:80 "GET /searchJSON?name=possible&fuzzy=0.8&username=gbmllr HTTP/1.1" 200 None
DEBUG:urllib3.connectionpool:Starting new HTTP connection (1): api.geonames.org:80
DEBUG:urllib3.connectionpool:http://api.geonames.org:80 "GET /searchJSON?name=rationisquae&fuzzy=0.8&username=gbmllr HTTP/1.1" 200 None
DEBUG:urllib3.connectionpool:Starting new HTTP connection (1): api.geonames.org:80
DEBUG:urllib3.connectionpool:http://api.geonames.org:80 "GET /searchJSON?name=rationisquae&fuzzy=0.8&username=gbmllr HTTP/1.1" 200 None
DEBUG:urllib3.connectionpool:Starting new HTTP connection (1): api.geonames.org:80
DEBUG:urllib3.connectionpool:http://api.geonames.org:80 "GET /searchJSON?name=rationisquae&fuzzy=0.8&username=gbmllr HTTP/1.1" 200 None
DEBUG:urllib3.connectionpool:Starting new HTTP connection (1): api.geonames.org:80
DEBUG:urllib3.connectionpool:http://api.geonames.org:80 "GET /searchJSON?name=rationisquae&fuzzy=0.8&username=gbmllr HTTP/1.1" 200 None
DEBUG:urllib3.connectionpool:Starting new HTTP connection (1): api.geonames.org:80
DEBUG:urllib3.connectionpool:http://api.geonames.org:80 "GET /searchJSON?name=rationisquae&fuzzy=0.8&username=gbmllr HTTP/1.1" 200 None
DEBUG:root:Keine Treffer fr rationisquae
DEBUG:urllib3.connectionpool:Starting new HTTP connection (1): api.geonames.org:80
DEBUG:urllib3.connectionpool:http://api.geonames.org:80 "GET /searchJSON?name=fundatur&fuzzy=0.8&username=gbmllr HTTP/1.1" 200 None
DEBUG:urllib3.connectionpool:Starting new HTTP connection (1): api.geonames.org:80
DEBUG:urllib3.connectionpool:http://api.geonames.org:80 "GET /searchJSON?name=rationisquae&fuzzy=0.8&username=gbmllr HTTP/1.1" 200 None
DEBUG:root:Keine Treffer fr rationisquae
DEBUG:urllib3.connectionpool:Starting new HTTP connection (1): api.geonames.org:80
DEBUG:urllib3.connectionpool:http://api.geonames.org:80 "GET /searchJSON?name=fundatur&fuzzy=0.8&username=gbmllr HTTP/1.1" 200 None
DEBUG:urllib3.connectionpool:Starting new HTTP connection (1): api.geonames.org:80
DEBUG:urllib3.connectionpool:http://api.geonames.org:80 "GET /searchJSON?name=rationisquae&fuzzy=0.8&username=gbmllr HTTP/1.1" 200 None
DEBUG:root:Keine Treffer fr rationisquae
DEBUG:urllib3.connectionpool:Starting new HTTP connection (1): api.geonames.org:80
DEBUG:urllib3.connectionpool:http://api.geonames.org:80 "GET /searchJSON?name=fundatur&fuzzy=0.8&username=gbmllr HTTP/1.1" 200 None
DEBUG:urllib3.connectionpool:Starting new HTTP connection (1): api.geonames.org:80
DEBUG:urllib3.connectionpool:http://api.geonames.org:80 "GET /searchJSON?name=tali&fuzzy=0.8&username=gbmllr HTTP/1.1" 200 None
DEBUG:urllib3.connectionpool:Starting new HTTP connection (1): api.geonames.org:80
DEBUG:urllib3.connectionpool:http://api.geonames.org:80 "GET /searchJSON?name=unitateest&fuzzy=0.8&username=gbmllr HTTP/1.1" 200 None
DEBUG:root:Keine Treffer fr unitateest
DEBUG:urllib3.connectionpool:Starting new HTTP connection (1): api.geonames.org:80
DEBUG:urllib3.connectionpool:http://api.geonames.org:80 "GET /searchJSON?name=secunda&fuzzy=0.8&username=gbmllr HTTP/1.1" 200 None
DEBUG:urllib3.connectionpool:Starting new HTTP connection (1): api.geonames.org:80
DEBUG:urllib3.connectionpool:http://api.geonames.org:80 "GET /searchJSON?name=divisione%E2%80%9Danalogous&fuzzy=0.8&username=gbmllr HTTP/1.1" 200 None
DEBUG:root:Keine Treffer fr divisioneanalogous
DEBUG:urllib3.connectionpool:Starting new HTTP connection (1): api.geonames.org:80
DEBUG:urllib3.connectionpool:http://api.geonames.org:80 "GET /searchJSON?name=scotusQuestion&fuzzy=0.8&username=gbmllr HTTP/1.1" 200 None
DEBUG:root:Keine Treffer fr scotusQuestion
DEBUG:urllib3.connectionpool:Starting new HTTP connection (1): api.geonames.org:80
DEBUG:urllib3.connectionpool:http://api.geonames.org:80 "GET /searchJSON?name=asks&fuzzy=0.8&username=gbmllr HTTP/1.1" 200 None
DEBUG:root:Keine Treffer fr asks
DEBUG:urllib3.connectionpool:Starting new HTTP connection (1): api.geonames.org:80
DEBUG:urllib3.connectionpool:http://api.geonames.org:80 "GET /searchJSON?name=%E2%80%9Cwhether&fuzzy=0.8&username=gbmllr HTTP/1.1" 200 None
DEBUG:root:Keine Treffer fr whether
DEBUG:urllib3.connectionpool:Starting new HTTP connection (1): api.geonames.org:80
DEBUG:urllib3.connectionpool:http://api.geonames.org:80 "GET /searchJSON?name=possible&fuzzy=0.8&username=gbmllr HTTP/1.1" 200 None
DEBUG:root:Keine Treffer fr possible
DEBUG:urllib3.connectionpool:Starting new HTTP connection (1): api.geonames.org:80
DEBUG:urllib3.connectionpool:http://api.geonames.org:80 "GET /searchJSON?name=rationisquae&fuzzy=0.8&username=gbmllr HTTP/1.1" 200 None
DEBUG:urllib3.connectionpool:Starting new HTTP connection (1): api.geonames.org:80
DEBUG:urllib3.connectionpool:http://api.geonames.org:80 "GET /searchJSON?name=fundatur&fuzzy=0.8&username=gbmllr HTTP/1.1" 200 None
DEBUG:urllib3.connectionpool:Starting new HTTP connection (1): api.geonames.org:80
DEBUG:urllib3.connectionpool:http://api.geonames.org:80 "GET /searchJSON?name=tali&fuzzy=0.8&username=gbmllr HTTP/1.1" 200 None
DEBUG:urllib3.connectionpool:Starting new HTTP connection (1): api.geonames.org:80
DEBUG:urllib3.connectionpool:http://api.geonames.org:80 "GET /searchJSON?name=unitateest&fuzzy=0.8&username=gbmllr HTTP/1.1" 200 None
DEBUG:urllib3.connectionpool:Starting new HTTP connection (1): api.geonames.org:80
DEBUG:urllib3.connectionpool:http://api.geonames.org:80 "GET /searchJSON?name=secunda&fuzzy=0.8&username=gbmllr HTTP/1.1" 200 None
DEBUG:urllib3.connectionpool:Starting new HTTP connection (1): api.geonames.org:80
DEBUG:urllib3.connectionpool:http://api.geonames.org:80 "GET /searchJSON?name=divisione%E2%80%9Danalogous&fuzzy=0.8&username=gbmllr HTTP/1.1" 200 None
DEBUG:urllib3.connectionpool:Starting new HTTP connection (1): api.geonames.org:80
DEBUG:urllib3.connectionpool:http://api.geonames.org:80 "GET /searchJSON?name=scotusQuestion&fuzzy=0.8&username=gbmllr HTTP/1.1" 200 None
DEBUG:urllib3.connectionpool:Starting new HTTP connection (1): api.geonames.org:80
DEBUG:urllib3.connectionpool:http://api.geonames.org:80 "GET /searchJSON?name=asks&fuzzy=0.8&username=gbmllr HTTP/1.1" 200 None
DEBUG:urllib3.connectionpool:Starting new HTTP connection (1): api.geonames.org:80
DEBUG:urllib3.connectionpool:http://api.geonames.org:80 "GET /searchJSON?name=%E2%80%9Cwhether&fuzzy=0.8&username=gbmllr HTTP/1.1" 200 None
DEBUG:urllib3.connectionpool:Starting new HTTP connection (1): api.geonames.org:80
DEBUG:urllib3.connectionpool:http://api.geonames.org:80 "GET /searchJSON?name=possible&fuzzy=0.8&username=gbmllr HTTP/1.1" 200 None
DEBUG:urllib3.connectionpool:Starting new HTTP connection (1): api.geonames.org:80
DEBUG:urllib3.connectionpool:http://api.geonames.org:80 "GET /searchJSON?name=t&fuzzy=0.8&username=gbmllr HTTP/1.1" 200 None
DEBUG:urllib3.connectionpool:Starting new HTTP connection (1): api.geonames.org:80
DEBUG:urllib3.connectionpool:http://api.geonames.org:80 "GET /searchJSON?name=a&fuzzy=0.8&username=gbmllr HTTP/1.1" 200 None
DEBUG:urllib3.connectionpool:Starting new HTTP connection (1): api.geonames.org:80
DEBUG:urllib3.connectionpool:http://api.geonames.org:80 "GET /searchJSON?name=l&fuzzy=0.8&username=gbmllr HTTP/1.1" 200 None
DEBUG:urllib3.connectionpool:Starting new HTTP connection (1): api.geonames.org:80
DEBUG:urllib3.connectionpool:http://api.geonames.org:80 "GET /searchJSON?name=i&fuzzy=0.8&username=gbmllr HTTP/1.1" 200 None
DEBUG:urllib3.connectionpool:Starting new HTTP connection (1): api.geonames.org:80
DEBUG:urllib3.connectionpool:http://api.geonames.org:80 "GET /searchJSON?name=t&fuzzy=0.8&username=gbmllr HTTP/1.1" 200 None
DEBUG:urllib3.connectionpool:Starting new HTTP connection (1): api.geonames.org:80
DEBUG:urllib3.connectionpool:http://api.geonames.org:80 "GET /searchJSON?name=a&fuzzy=0.8&username=gbmllr HTTP/1.1" 200 None
DEBUG:urllib3.connectionpool:Starting new HTTP connection (1): api.geonames.org:80
DEBUG:urllib3.connectionpool:http://api.geonames.org:80 "GET /searchJSON?name=t&fuzzy=0.8&username=gbmllr HTTP/1.1" 200 None
DEBUG:urllib3.connectionpool:Starting new HTTP connection (1): api.geonames.org:80
DEBUG:urllib3.connectionpool:http://api.geonames.org:80 "GET /searchJSON?name=a&fuzzy=0.8&username=gbmllr HTTP/1.1" 200 None
DEBUG:urllib3.connectionpool:Starting new HTTP connection (1): api.geonames.org:80
DEBUG:urllib3.connectionpool:http://api.geonames.org:80 "GET /searchJSON?name=t&username=gbmllr HTTP/1.1" 200 None
DEBUG:urllib3.connectionpool:Starting new HTTP connection (1): api.geonames.org:80
DEBUG:urllib3.connectionpool:http://api.geonames.org:80 "GET /searchJSON?name=t&username=gbmllr HTTP/1.1" 200 None
DEBUG:urllib3.connectionpool:Starting new HTTP connection (1): api.geonames.org:80
DEBUG:urllib3.connectionpool:http://api.geonames.org:80 "GET /searchJSON?name=t&username=gbmllr HTTP/1.1" 200 None
DEBUG:urllib3.connectionpool:Starting new HTTP connection (1): api.geonames.org:80
DEBUG:urllib3.connectionpool:http://api.geonames.org:80 "GET /searchJSON?name=t&username=gbmllr HTTP/1.1" 200 None
DEBUG:urllib3.connectionpool:Starting new HTTP connection (1): api.geonames.org:80
DEBUG:urllib3.connectionpool:http://api.geonames.org:80 "GET /searchJSON?name=a&username=gbmllr HTTP/1.1" 200 None
DEBUG:urllib3.connectionpool:Starting new HTTP connection (1): api.geonames.org:80
DEBUG:urllib3.connectionpool:http://api.geonames.org:80 "GET /searchJSON?name=l&username=gbmllr HTTP/1.1" 200 None
DEBUG:urllib3.connectionpool:Starting new HTTP connection (1): api.geonames.org:80
DEBUG:urllib3.connectionpool:http://api.geonames.org:80 "GET /searchJSON?name=i&username=gbmllr HTTP/1.1" 200 None
DEBUG:urllib3.connectionpool:Starting new HTTP connection (1): api.geonames.org:80
DEBUG:urllib3.connectionpool:http://api.geonames.org:80 "GET /searchJSON?name=tali&username=gbmllr HTTP/1.1" 200 None
DEBUG:urllib3.connectionpool:Starting new HTTP connection (1): api.geonames.org:80
DEBUG:urllib3.connectionpool:http://api.geonames.org:80 "GET /searchJSON?name=primarily&username=gbmllr HTTP/1.1" 200 None
DEBUG:urllib3.connectionpool:Starting new HTTP connection (1): api.geonames.org:80
DEBUG:urllib3.connectionpool:http://api.geonames.org:80 "GET /searchJSON?name=rest&username=gbmllr HTTP/1.1" 200 None
DEBUG:urllib3.connectionpool:Starting new HTTP connection (1): api.geonames.org:80
DEBUG:urllib3.connectionpool:http://api.geonames.org:80 "GET /searchJSON?name=secondarily%E2%80%9D&username=gbmllr HTTP/1.1" 200 None
DEBUG:urllib3.connectionpool:Starting new HTTP connection (1): api.geonames.org:80
DEBUG:urllib3.connectionpool:http://api.geonames.org:80 "GET /searchJSON?name=(In&username=gbmllr HTTP/1.1" 200 None
DEBUG:urllib3.connectionpool:Starting new HTTP connection (1): api.geonames.org:80
DEBUG:urllib3.connectionpool:http://api.geonames.org:80 "GET /searchJSON?name=SEqOP&username=gbmllr HTTP/1.1" 200 None
DEBUG:urllib3.connectionpool:Starting new HTTP connection (1): api.geonames.org:80
DEBUG:urllib3.connectionpool:http://api.geonames.org:80 "GET /searchJSON?name=)An&username=gbmllr HTTP/1.1" 200 None
DEBUG:urllib3.connectionpool:Starting new HTTP connection (1): api.geonames.org:80
DEBUG:urllib3.connectionpool:http://api.geonames.org:80 "GET /searchJSON?name=affirmative&username=gbmllr HTTP/1.1" 200 None
DEBUG:urllib3.connectionpool:Starting new HTTP connection (1): api.geonames.org:80
DEBUG:urllib3.connectionpool:http://api.geonames.org:80 "GET /searchJSON?name=admission&username=gbmllr HTTP/1.1" 200 None
DEBUG:urllib3.connectionpool:Starting new HTTP connection (1): api.geonames.org:80
DEBUG:urllib3.connectionpool:http://api.geonames.org:80 "GET /searchJSON?name=medium&username=gbmllr HTTP/1.1" 200 None
DEBUG:urllib3.connectionpool:Starting new HTTP connection (1): api.geonames.org:80
DEBUG:urllib3.connectionpool:http://api.geonames.org:80 "GET /searchJSON?name=nameThe&username=gbmllr HTTP/1.1" 200 None
DEBUG:urllib3.connectionpool:Starting new HTTP connection (1): api.geonames.org:80
DEBUG:urllib3.connectionpool:http://api.geonames.org:80 "GET /searchJSON?name=SEquestion&username=gbmllr HTTP/1.1" 200 None
DEBUG:urllib3.connectionpool:Starting new HTTP connection (1): api.geonames.org:80
DEBUG:urllib3.connectionpool:http://api.geonames.org:80 "GET /searchJSON?name=secondarily&username=gbmllr HTTP/1.1" 200 None
DEBUG:urllib3.connectionpool:Starting new HTTP connection (1): api.geonames.org:80
DEBUG:urllib3.connectionpool:http://api.geonames.org:80 "GET /searchJSON?name=SEqnOP&username=gbmllr HTTP/1.1" 200 None
DEBUG:urllib3.connectionpool:Starting new HTTP connection (1): api.geonames.org:80
DEBUG:urllib3.connectionpool:http://api.geonames.org:80 "GET /searchJSON?name=%E2%80%93)Scotus&username=gbmllr HTTP/1.1" 200 None
DEBUG:urllib3.connectionpool:Starting new HTTP connection (1): api.geonames.org:80
DEBUG:urllib3.connectionpool:http://api.geonames.org:80 "GET /searchJSON?name=writesNo&username=gbmllr HTTP/1.1" 200 None
DEBUG:urllib3.connectionpool:Starting new HTTP connection (1): api.geonames.org:80
DEBUG:urllib3.connectionpool:http://api.geonames.org:80 "GET /searchJSON?name=questionScotus&username=gbmllr HTTP/1.1" 200 None
DEBUG:urllib3.connectionpool:Starting new HTTP connection (1): api.geonames.org:80
DEBUG:urllib3.connectionpool:http://api.geonames.org:80 "GET /searchJSON?name=determinate&username=gbmllr HTTP/1.1" 200 None
DEBUG:urllib3.connectionpool:Starting new HTTP connection (1): api.geonames.org:80
DEBUG:urllib3.connectionpool:http://api.geonames.org:80 "GET /searchJSON?name=rationesHe&username=gbmllr HTTP/1.1" 200 None
DEBUG:urllib3.connectionpool:Starting new HTTP connection (1): api.geonames.org:80
DEBUG:urllib3.connectionpool:http://api.geonames.org:80 "GET /searchJSON?name=writesTo&username=gbmllr HTTP/1.1" 200 None
DEBUG:urllib3.connectionpool:Starting new HTTP connection (1): api.geonames.org:80
DEBUG:urllib3.connectionpool:http://api.geonames.org:80 "GET /searchJSON?name=questionit&username=gbmllr HTTP/1.1" 200 None
DEBUG:urllib3.connectionpool:Starting new HTTP connection (1): api.geonames.org:80
DEBUG:urllib3.connectionpool:http://api.geonames.org:80 "GET /searchJSON?name=questionScotus&username=gbmllr HTTP/1.1" 200 None
DEBUG:urllib3.connectionpool:Starting new HTTP connection (1): api.geonames.org:80
DEBUG:urllib3.connectionpool:http://api.geonames.org:80 "GET /searchJSON?name=determinate&username=gbmllr HTTP/1.1" 200 None
DEBUG:urllib3.connectionpool:Starting new HTTP connection (1): api.geonames.org:80
DEBUG:urllib3.connectionpool:http://api.geonames.org:80 "GET /searchJSON?name=rationesHe&username=gbmllr HTTP/1.1" 200 None
DEBUG:urllib3.connectionpool:Starting new HTTP connection (1): api.geonames.org:80
DEBUG:urllib3.connectionpool:http://api.geonames.org:80 "GET /searchJSON?name=writesTo&username=gbmllr HTTP/1.1" 200 None
DEBUG:urllib3.connectionpool:Starting new HTTP connection (1): api.geonames.org:80
DEBUG:urllib3.connectionpool:http://api.geonames.org:80 "GET /searchJSON?name=questionit&username=gbmllr HTTP/1.1" 200 None
DEBUG:urllib3.connectionpool:Starting new HTTP connection (1): api.geonames.org:80
DEBUG:urllib3.connectionpool:http://api.geonames.org:80 "GET /searchJSON?name=Spain&username=gbmllr HTTP/1.1" 200 None
DEBUG:urllib3.connectionpool:Starting new HTTP connection (1): api.geonames.org:80
DEBUG:urllib3.connectionpool:http://api.geonames.org:80 "GET /searchJSON?name=Summaries&username=gbmllr HTTP/1.1" 200 None
DEBUG:urllib3.connectionpool:Starting new HTTP connection (1): api.geonames.org:80
DEBUG:urllib3.connectionpool:http://api.geonames.org:80 "GET /searchJSON?name=Logic&username=gbmllr HTTP/1.1" 200 None
DEBUG:urllib3.connectionpool:Starting new HTTP connection (1): api.geonames.org:80
DEBUG:urllib3.connectionpool:http://api.geonames.org:80 "GET /searchJSON?name=%E2%80%9COmne&username=gbmllr HTTP/1.1" 200 None
DEBUG:urllib3.connectionpool:Starting new HTTP connection (1): api.geonames.org:80
DEBUG:urllib3.connectionpool:http://api.geonames.org:80 "GET /searchJSON?name=expediens&username=gbmllr HTTP/1.1" 200 None
DEBUG:urllib3.connectionpool:Starting new HTTP connection (1): api.geonames.org:80
DEBUG:urllib3.connectionpool:http://api.geonames.org:80 "GET /searchJSON?name=Spain&username=gbmllr HTTP/1.1" 200 None
DEBUG:urllib3.connectionpool:Starting new HTTP connection (1): api.geonames.org:80
DEBUG:urllib3.connectionpool:http://api.geonames.org:80 "GET /searchJSON?name=Summaries&username=gbmllr HTTP/1.1" 200 None
DEBUG:urllib3.connectionpool:Starting new HTTP connection (1): api.geonames.org:80
DEBUG:urllib3.connectionpool:http://api.geonames.org:80 "GET /searchJSON?name=Logic&username=gbmllr HTTP/1.1" 200 None
DEBUG:urllib3.connectionpool:Starting new HTTP connection (1): api.geonames.org:80
DEBUG:urllib3.connectionpool:http://api.geonames.org:80 "GET /searchJSON?name=%E2%80%9COmne&username=gbmllr HTTP/1.1" 200 None
DEBUG:urllib3.connectionpool:Starting new HTTP connection (1): api.geonames.org:80
DEBUG:urllib3.connectionpool:http://api.geonames.org:80 "GET /searchJSON?name=expediens&username=gbmllr HTTP/1.1" 200 None
